<?xml version="1.0" encoding="UTF-8"?>
<coverage generated="1751875608275" clover="3.2.0">
  <project timestamp="1751875608275" name="All files">
    <metrics statements="301" coveredstatements="298" conditionals="86" coveredconditionals="80" methods="74" coveredmethods="74" elements="461" coveredelements="452" complexity="0" loc="301" ncloc="301" packages="15" files="31" classes="31"/>
    <package name="src.Apps.security">
      <metrics statements="3" coveredstatements="3" conditionals="0" coveredconditionals="0" methods="2" coveredmethods="2"/>
      <file name="PasswordHash.js" path="D:\Kuliah\IDCamp\Expert_BE\AuthApi-CleanArc\src\Apps\security\PasswordHash.js">
        <metrics statements="3" coveredstatements="3" conditionals="0" coveredconditionals="0" methods="2" coveredmethods="2"/>
        <line num="3" count="1" type="stmt"/>
        <line num="7" count="1" type="stmt"/>
        <line num="11" count="6" type="stmt"/>
      </file>
    </package>
    <package name="src.Apps.security.auth">
      <metrics statements="7" coveredstatements="7" conditionals="0" coveredconditionals="0" methods="6" coveredmethods="6"/>
      <file name="TokenManager.js" path="D:\Kuliah\IDCamp\Expert_BE\AuthApi-CleanArc\src\Apps\security\auth\TokenManager.js">
        <metrics statements="7" coveredstatements="7" conditionals="0" coveredconditionals="0" methods="6" coveredmethods="6"/>
        <line num="3" count="1" type="stmt"/>
        <line num="7" count="1" type="stmt"/>
        <line num="11" count="1" type="stmt"/>
        <line num="15" count="1" type="stmt"/>
        <line num="19" count="1" type="stmt"/>
        <line num="23" count="1" type="stmt"/>
        <line num="27" count="7" type="stmt"/>
      </file>
    </package>
    <package name="src.Apps.use_case">
      <metrics statements="49" coveredstatements="49" conditionals="8" coveredconditionals="8" methods="10" coveredmethods="10"/>
      <file name="AddUserUseCase.js" path="D:\Kuliah\IDCamp\Expert_BE\AuthApi-CleanArc\src\Apps\use_case\AddUserUseCase.js">
        <metrics statements="8" coveredstatements="8" conditionals="0" coveredconditionals="0" methods="2" coveredmethods="2"/>
        <line num="1" count="3" type="stmt"/>
        <line num="5" count="3" type="stmt"/>
        <line num="6" count="3" type="stmt"/>
        <line num="10" count="11" type="stmt"/>
        <line num="11" count="7" type="stmt"/>
        <line num="12" count="6" type="stmt"/>
        <line num="13" count="6" type="stmt"/>
        <line num="17" count="3" type="stmt"/>
      </file>
      <file name="LoginUserUseCase.js" path="D:\Kuliah\IDCamp\Expert_BE\AuthApi-CleanArc\src\Apps\use_case\LoginUserUseCase.js">
        <metrics statements="15" coveredstatements="15" conditionals="0" coveredconditionals="0" methods="2" coveredmethods="2"/>
        <line num="1" count="3" type="stmt"/>
        <line num="2" count="3" type="stmt"/>
        <line num="8" count="2" type="stmt"/>
        <line num="9" count="2" type="stmt"/>
        <line num="10" count="2" type="stmt"/>
        <line num="11" count="2" type="stmt"/>
        <line num="15" count="8" type="stmt"/>
        <line num="16" count="6" type="stmt"/>
        <line num="17" count="5" type="stmt"/>
        <line num="18" count="4" type="stmt"/>
        <line num="20" count="4" type="stmt"/>
        <line num="21" count="4" type="stmt"/>
        <line num="23" count="4" type="stmt"/>
        <line num="25" count="4" type="stmt"/>
        <line num="32" count="3" type="stmt"/>
      </file>
      <file name="LogoutUserUseCase.js" path="D:\Kuliah\IDCamp\Expert_BE\AuthApi-CleanArc\src\Apps\use_case\LogoutUserUseCase.js">
        <metrics statements="12" coveredstatements="12" conditionals="4" coveredconditionals="4" methods="3" coveredmethods="3"/>
        <line num="1" count="3" type="stmt"/>
        <line num="5" count="4" type="stmt"/>
        <line num="6" count="4" type="stmt"/>
        <line num="10" count="5" type="stmt"/>
        <line num="12" count="3" type="stmt"/>
        <line num="14" count="3" type="stmt"/>
        <line num="15" count="2" type="stmt"/>
        <line num="16" count="2" type="stmt"/>
        <line num="20" count="5" type="stmt"/>
        <line num="21" count="5" type="cond" truecount="2" falsecount="0"/>
        <line num="22" count="4" type="cond" truecount="2" falsecount="0"/>
        <line num="26" count="3" type="stmt"/>
      </file>
      <file name="RefreshAuthenticationUseCase.js" path="D:\Kuliah\IDCamp\Expert_BE\AuthApi-CleanArc\src\Apps\use_case\RefreshAuthenticationUseCase.js">
        <metrics statements="14" coveredstatements="14" conditionals="4" coveredconditionals="4" methods="3" coveredmethods="3"/>
        <line num="1" count="3" type="stmt"/>
        <line num="5" count="4" type="stmt"/>
        <line num="6" count="4" type="stmt"/>
        <line num="10" count="5" type="stmt"/>
        <line num="12" count="3" type="stmt"/>
        <line num="14" count="3" type="stmt"/>
        <line num="15" count="2" type="stmt"/>
        <line num="16" count="2" type="stmt"/>
        <line num="17" count="2" type="stmt"/>
        <line num="19" count="2" type="stmt"/>
        <line num="23" count="5" type="stmt"/>
        <line num="24" count="5" type="cond" truecount="2" falsecount="0"/>
        <line num="25" count="4" type="cond" truecount="2" falsecount="0"/>
        <line num="29" count="3" type="stmt"/>
      </file>
    </package>
    <package name="src.Commons">
      <metrics statements="8" coveredstatements="7" conditionals="6" coveredconditionals="3" methods="0" coveredmethods="0"/>
      <file name="config.js" path="D:\Kuliah\IDCamp\Expert_BE\AuthApi-CleanArc\src\Commons\config.js">
        <metrics statements="8" coveredstatements="7" conditionals="6" coveredconditionals="3" methods="0" coveredmethods="0"/>
        <line num="1" count="4" type="stmt"/>
        <line num="2" count="4" type="stmt"/>
        <line num="3" count="4" type="stmt"/>
        <line num="5" count="4" type="cond" truecount="1" falsecount="1"/>
        <line num="6" count="4" type="stmt"/>
        <line num="10" count="0" type="stmt"/>
        <line num="13" count="4" type="stmt"/>
        <line num="28" count="4" type="stmt"/>
      </file>
    </package>
    <package name="src.Commons.exceptions">
      <metrics statements="23" coveredstatements="23" conditionals="5" coveredconditionals="5" methods="5" coveredmethods="5"/>
      <file name="AuthenticationError.js" path="D:\Kuliah\IDCamp\Expert_BE\AuthApi-CleanArc\src\Commons\exceptions\AuthenticationError.js">
        <metrics statements="4" coveredstatements="4" conditionals="0" coveredconditionals="0" methods="1" coveredmethods="1"/>
        <line num="1" count="5" type="stmt"/>
        <line num="5" count="5" type="stmt"/>
        <line num="6" count="5" type="stmt"/>
        <line num="10" count="5" type="stmt"/>
      </file>
      <file name="ClientError.js" path="D:\Kuliah\IDCamp\Expert_BE\AuthApi-CleanArc\src\Commons\exceptions\ClientError.js">
        <metrics statements="6" coveredstatements="6" conditionals="3" coveredconditionals="3" methods="1" coveredmethods="1"/>
        <line num="3" count="55" type="stmt"/>
        <line num="5" count="55" type="cond" truecount="2" falsecount="0"/>
        <line num="6" count="1" type="stmt"/>
        <line num="9" count="54" type="stmt"/>
        <line num="10" count="54" type="stmt"/>
        <line num="14" count="13" type="stmt"/>
      </file>
      <file name="DomainErrorTranslator.js" path="D:\Kuliah\IDCamp\Expert_BE\AuthApi-CleanArc\src\Commons\exceptions\DomainErrorTranslator.js">
        <metrics statements="5" coveredstatements="5" conditionals="2" coveredconditionals="2" methods="1" coveredmethods="1"/>
        <line num="1" count="3" type="stmt"/>
        <line num="3" count="3" type="stmt"/>
        <line num="5" count="24" type="cond" truecount="2" falsecount="0"/>
        <line num="9" count="3" type="stmt"/>
        <line num="20" count="3" type="stmt"/>
      </file>
      <file name="InvariantError.js" path="D:\Kuliah\IDCamp\Expert_BE\AuthApi-CleanArc\src\Commons\exceptions\InvariantError.js">
        <metrics statements="4" coveredstatements="4" conditionals="0" coveredconditionals="0" methods="1" coveredmethods="1"/>
        <line num="1" count="9" type="stmt"/>
        <line num="5" count="48" type="stmt"/>
        <line num="6" count="48" type="stmt"/>
        <line num="10" count="9" type="stmt"/>
      </file>
      <file name="NotFoundError.js" path="D:\Kuliah\IDCamp\Expert_BE\AuthApi-CleanArc\src\Commons\exceptions\NotFoundError.js">
        <metrics statements="4" coveredstatements="4" conditionals="0" coveredconditionals="0" methods="1" coveredmethods="1"/>
        <line num="1" count="1" type="stmt"/>
        <line num="5" count="1" type="stmt"/>
        <line num="6" count="1" type="stmt"/>
        <line num="10" count="1" type="stmt"/>
      </file>
    </package>
    <package name="src.Domains.auth">
      <metrics statements="4" coveredstatements="4" conditionals="0" coveredconditionals="0" methods="3" coveredmethods="3"/>
      <file name="AuthRepository.js" path="D:\Kuliah\IDCamp\Expert_BE\AuthApi-CleanArc\src\Domains\auth\AuthRepository.js">
        <metrics statements="4" coveredstatements="4" conditionals="0" coveredconditionals="0" methods="3" coveredmethods="3"/>
        <line num="3" count="1" type="stmt"/>
        <line num="7" count="1" type="stmt"/>
        <line num="11" count="1" type="stmt"/>
        <line num="15" count="7" type="stmt"/>
      </file>
    </package>
    <package name="src.Domains.auth.entities">
      <metrics statements="8" coveredstatements="6" conditionals="8" coveredconditionals="6" methods="2" coveredmethods="2"/>
      <file name="AuthUser.js" path="D:\Kuliah\IDCamp\Expert_BE\AuthApi-CleanArc\src\Domains\auth\entities\AuthUser.js">
        <metrics statements="8" coveredstatements="6" conditionals="8" coveredconditionals="6" methods="2" coveredmethods="2"/>
        <line num="3" count="7" type="stmt"/>
        <line num="5" count="7" type="stmt"/>
        <line num="6" count="7" type="stmt"/>
        <line num="10" count="7" type="cond" truecount="3" falsecount="1"/>
        <line num="11" count="0" type="stmt"/>
        <line num="14" count="7" type="cond" truecount="3" falsecount="1"/>
        <line num="15" count="0" type="stmt"/>
        <line num="20" count="4" type="stmt"/>
      </file>
    </package>
    <package name="src.Domains.users">
      <metrics statements="5" coveredstatements="5" conditionals="0" coveredconditionals="0" methods="4" coveredmethods="4"/>
      <file name="UserRepository.js" path="D:\Kuliah\IDCamp\Expert_BE\AuthApi-CleanArc\src\Domains\users\UserRepository.js">
        <metrics statements="5" coveredstatements="5" conditionals="0" coveredconditionals="0" methods="4" coveredmethods="4"/>
        <line num="3" count="1" type="stmt"/>
        <line num="7" count="1" type="stmt"/>
        <line num="11" count="1" type="stmt"/>
        <line num="15" count="1" type="stmt"/>
        <line num="19" count="6" type="stmt"/>
      </file>
    </package>
    <package name="src.Domains.users.entities">
      <metrics statements="31" coveredstatements="31" conditionals="32" coveredconditionals="32" methods="5" coveredmethods="5"/>
      <file name="LoginUser.js" path="D:\Kuliah\IDCamp\Expert_BE\AuthApi-CleanArc\src\Domains\users\entities\LoginUser.js">
        <metrics statements="9" coveredstatements="9" conditionals="8" coveredconditionals="8" methods="2" coveredmethods="2"/>
        <line num="3" count="9" type="stmt"/>
        <line num="5" count="9" type="stmt"/>
        <line num="7" count="7" type="stmt"/>
        <line num="8" count="7" type="stmt"/>
        <line num="12" count="9" type="cond" truecount="4" falsecount="0"/>
        <line num="13" count="1" type="stmt"/>
        <line num="16" count="8" type="cond" truecount="4" falsecount="0"/>
        <line num="17" count="1" type="stmt"/>
        <line num="22" count="4" type="stmt"/>
      </file>
      <file name="RegisterUser.js" path="D:\Kuliah\IDCamp\Expert_BE\AuthApi-CleanArc\src\Domains\users\entities\RegisterUser.js">
        <metrics statements="12" coveredstatements="12" conditionals="14" coveredconditionals="14" methods="1" coveredmethods="1"/>
        <line num="3" count="19" type="cond" truecount="5" falsecount="0"/>
        <line num="4" count="2" type="stmt"/>
        <line num="7" count="17" type="cond" truecount="5" falsecount="0"/>
        <line num="8" count="2" type="stmt"/>
        <line num="11" count="15" type="cond" truecount="2" falsecount="0"/>
        <line num="12" count="2" type="stmt"/>
        <line num="15" count="13" type="cond" truecount="2" falsecount="0"/>
        <line num="16" count="2" type="stmt"/>
        <line num="19" count="11" type="stmt"/>
        <line num="20" count="11" type="stmt"/>
        <line num="21" count="11" type="stmt"/>
        <line num="25" count="5" type="stmt"/>
      </file>
      <file name="RegisteredUser.js" path="D:\Kuliah\IDCamp\Expert_BE\AuthApi-CleanArc\src\Domains\users\entities\RegisteredUser.js">
        <metrics statements="10" coveredstatements="10" conditionals="10" coveredconditionals="10" methods="2" coveredmethods="2"/>
        <line num="3" count="13" type="stmt"/>
        <line num="5" count="11" type="stmt"/>
        <line num="7" count="11" type="stmt"/>
        <line num="8" count="11" type="stmt"/>
        <line num="9" count="11" type="stmt"/>
        <line num="13" count="13" type="cond" truecount="5" falsecount="0"/>
        <line num="14" count="1" type="stmt"/>
        <line num="17" count="12" type="cond" truecount="5" falsecount="0"/>
        <line num="18" count="1" type="stmt"/>
        <line num="23" count="5" type="stmt"/>
      </file>
    </package>
    <package name="src.Infrastructures.http">
      <metrics statements="25" coveredstatements="25" conditionals="6" coveredconditionals="6" methods="2" coveredmethods="2"/>
      <file name="createServer.js" path="D:\Kuliah\IDCamp\Expert_BE\AuthApi-CleanArc\src\Infrastructures\http\createServer.js">
        <metrics statements="25" coveredstatements="25" conditionals="6" coveredconditionals="6" methods="2" coveredmethods="2"/>
        <line num="1" count="2" type="stmt"/>
        <line num="2" count="2" type="stmt"/>
        <line num="3" count="2" type="stmt"/>
        <line num="4" count="2" type="stmt"/>
        <line num="5" count="2" type="stmt"/>
        <line num="6" count="2" type="stmt"/>
        <line num="8" count="2" type="stmt"/>
        <line num="9" count="19" type="stmt"/>
        <line num="15" count="19" type="stmt"/>
        <line num="26" count="19" type="stmt"/>
        <line num="27" count="25" type="stmt"/>
        <line num="29" count="25" type="cond" truecount="2" falsecount="0"/>
        <line num="30" count="15" type="stmt"/>
        <line num="32" count="15" type="cond" truecount="2" falsecount="0"/>
        <line num="33" count="11" type="stmt"/>
        <line num="37" count="11" type="stmt"/>
        <line num="38" count="11" type="stmt"/>
        <line num="41" count="4" type="cond" truecount="2" falsecount="0"/>
        <line num="42" count="2" type="stmt"/>
        <line num="44" count="2" type="stmt"/>
        <line num="48" count="2" type="stmt"/>
        <line num="49" count="2" type="stmt"/>
        <line num="52" count="10" type="stmt"/>
        <line num="54" count="19" type="stmt"/>
        <line num="57" count="2" type="stmt"/>
      </file>
    </package>
    <package name="src.Infrastructures.repository">
      <metrics statements="39" coveredstatements="39" conditionals="8" coveredconditionals="8" methods="9" coveredmethods="9"/>
      <file name="AuthRepositoryPostgres.js" path="D:\Kuliah\IDCamp\Expert_BE\AuthApi-CleanArc\src\Infrastructures\repository\AuthRepositoryPostgres.js">
        <metrics statements="13" coveredstatements="13" conditionals="2" coveredconditionals="2" methods="4" coveredmethods="4"/>
        <line num="1" count="3" type="stmt"/>
        <line num="2" count="3" type="stmt"/>
        <line num="6" count="6" type="stmt"/>
        <line num="7" count="6" type="stmt"/>
        <line num="11" count="4" type="stmt"/>
        <line num="16" count="4" type="stmt"/>
        <line num="20" count="5" type="stmt"/>
        <line num="25" count="5" type="stmt"/>
        <line num="27" count="5" type="cond" truecount="2" falsecount="0"/>
        <line num="28" count="2" type="stmt"/>
        <line num="33" count="2" type="stmt"/>
        <line num="38" count="2" type="stmt"/>
        <line num="42" count="3" type="stmt"/>
      </file>
      <file name="UserRepositoryPostgres.js" path="D:\Kuliah\IDCamp\Expert_BE\AuthApi-CleanArc\src\Infrastructures\repository\UserRepositoryPostgres.js">
        <metrics statements="26" coveredstatements="26" conditionals="6" coveredconditionals="6" methods="5" coveredmethods="5"/>
        <line num="1" count="3" type="stmt"/>
        <line num="2" count="3" type="stmt"/>
        <line num="3" count="3" type="stmt"/>
        <line num="7" count="10" type="stmt"/>
        <line num="8" count="10" type="stmt"/>
        <line num="9" count="10" type="stmt"/>
        <line num="13" count="8" type="stmt"/>
        <line num="18" count="8" type="stmt"/>
        <line num="20" count="8" type="cond" truecount="2" falsecount="0"/>
        <line num="21" count="2" type="stmt"/>
        <line num="26" count="7" type="stmt"/>
        <line num="27" count="7" type="stmt"/>
        <line num="29" count="7" type="stmt"/>
        <line num="34" count="7" type="stmt"/>
        <line num="36" count="7" type="stmt"/>
        <line num="40" count="7" type="stmt"/>
        <line num="45" count="7" type="stmt"/>
        <line num="47" count="7" type="cond" truecount="2" falsecount="0"/>
        <line num="48" count="2" type="stmt"/>
        <line num="51" count="5" type="stmt"/>
        <line num="55" count="5" type="stmt"/>
        <line num="60" count="5" type="stmt"/>
        <line num="62" count="5" type="cond" truecount="2" falsecount="0"/>
        <line num="63" count="1" type="stmt"/>
        <line num="66" count="4" type="stmt"/>
        <line num="70" count="3" type="stmt"/>
      </file>
    </package>
    <package name="src.Infrastructures.security">
      <metrics statements="37" coveredstatements="37" conditionals="9" coveredconditionals="9" methods="10" coveredmethods="10"/>
      <file name="BcryptPasswordHash.js" path="D:\Kuliah\IDCamp\Expert_BE\AuthApi-CleanArc\src\Infrastructures\security\BcryptPasswordHash.js">
        <metrics statements="10" coveredstatements="10" conditionals="3" coveredconditionals="3" methods="3" coveredmethods="3"/>
        <line num="1" count="3" type="stmt"/>
        <line num="2" count="3" type="stmt"/>
        <line num="6" count="5" type="stmt"/>
        <line num="7" count="5" type="stmt"/>
        <line num="8" count="5" type="stmt"/>
        <line num="12" count="7" type="stmt"/>
        <line num="16" count="6" type="stmt"/>
        <line num="18" count="6" type="cond" truecount="2" falsecount="0"/>
        <line num="19" count="2" type="stmt"/>
        <line num="24" count="3" type="stmt"/>
      </file>
      <file name="JwtTokenManager.js" path="D:\Kuliah\IDCamp\Expert_BE\AuthApi-CleanArc\src\Infrastructures\security\JwtTokenManager.js">
        <metrics statements="27" coveredstatements="27" conditionals="6" coveredconditionals="6" methods="7" coveredmethods="7"/>
        <line num="1" count="3" type="stmt"/>
        <line num="2" count="3" type="stmt"/>
        <line num="3" count="3" type="stmt"/>
        <line num="4" count="3" type="stmt"/>
        <line num="8" count="13" type="stmt"/>
        <line num="9" count="13" type="stmt"/>
        <line num="13" count="7" type="stmt"/>
        <line num="17" count="5" type="stmt"/>
        <line num="21" count="2" type="stmt"/>
        <line num="22" count="2" type="stmt"/>
        <line num="23" count="1" type="stmt"/>
        <line num="25" count="1" type="stmt"/>
        <line num="30" count="5" type="stmt"/>
        <line num="31" count="5" type="stmt"/>
        <line num="32" count="3" type="stmt"/>
        <line num="34" count="2" type="stmt"/>
        <line num="39" count="3" type="cond" truecount="2" falsecount="0"/>
        <line num="41" count="2" type="stmt"/>
        <line num="42" count="2" type="cond" truecount="4" falsecount="0"/>
        <line num="43" count="1" type="stmt"/>
        <line num="46" count="1" type="stmt"/>
        <line num="50" count="3" type="stmt"/>
        <line num="51" count="3" type="stmt"/>
        <line num="52" count="2" type="stmt"/>
        <line num="53" count="2" type="stmt"/>
        <line num="55" count="1" type="stmt"/>
        <line num="60" count="3" type="stmt"/>
      </file>
    </package>
    <package name="src.Interfaces.http.api.authentications">
      <metrics statements="28" coveredstatements="28" conditionals="0" coveredconditionals="0" methods="6" coveredmethods="6"/>
      <file name="handler.js" path="D:\Kuliah\IDCamp\Expert_BE\AuthApi-CleanArc\src\Interfaces\http\api\authentications\handler.js">
        <metrics statements="21" coveredstatements="21" conditionals="0" coveredconditionals="0" methods="4" coveredmethods="4"/>
        <line num="1" count="2" type="stmt"/>
        <line num="2" count="2" type="stmt"/>
        <line num="3" count="2" type="stmt"/>
        <line num="7" count="19" type="stmt"/>
        <line num="8" count="19" type="stmt"/>
        <line num="9" count="19" type="stmt"/>
        <line num="10" count="19" type="stmt"/>
        <line num="14" count="8" type="stmt"/>
        <line num="15" count="7" type="stmt"/>
        <line num="17" count="3" type="stmt"/>
        <line num="24" count="3" type="stmt"/>
        <line num="25" count="3" type="stmt"/>
        <line num="29" count="2" type="stmt"/>
        <line num="33" count="2" type="stmt"/>
        <line num="36" count="1" type="stmt"/>
        <line num="42" count="1" type="stmt"/>
        <line num="46" count="2" type="stmt"/>
        <line num="49" count="2" type="stmt"/>
        <line num="50" count="1" type="stmt"/>
        <line num="54" count="1" type="stmt"/>
        <line num="58" count="2" type="stmt"/>
      </file>
      <file name="index.js" path="D:\Kuliah\IDCamp\Expert_BE\AuthApi-CleanArc\src\Interfaces\http\api\authentications\index.js">
        <metrics statements="5" coveredstatements="5" conditionals="0" coveredconditionals="0" methods="1" coveredmethods="1"/>
        <line num="1" count="2" type="stmt"/>
        <line num="2" count="2" type="stmt"/>
        <line num="4" count="2" type="stmt"/>
        <line num="7" count="19" type="stmt"/>
        <line num="8" count="19" type="stmt"/>
      </file>
      <file name="routes.js" path="D:\Kuliah\IDCamp\Expert_BE\AuthApi-CleanArc\src\Interfaces\http\api\authentications\routes.js">
        <metrics statements="2" coveredstatements="2" conditionals="0" coveredconditionals="0" methods="1" coveredmethods="1"/>
        <line num="1" count="19" type="stmt"/>
        <line num="19" count="2" type="stmt"/>
      </file>
    </package>
    <package name="src.Interfaces.http.api.users">
      <metrics statements="16" coveredstatements="16" conditionals="0" coveredconditionals="0" methods="4" coveredmethods="4"/>
      <file name="handler.js" path="D:\Kuliah\IDCamp\Expert_BE\AuthApi-CleanArc\src\Interfaces\http\api\users\handler.js">
        <metrics statements="9" coveredstatements="9" conditionals="0" coveredconditionals="0" methods="2" coveredmethods="2"/>
        <line num="1" count="2" type="stmt"/>
        <line num="5" count="19" type="stmt"/>
        <line num="6" count="19" type="stmt"/>
        <line num="10" count="11" type="stmt"/>
        <line num="11" count="10" type="stmt"/>
        <line num="13" count="5" type="stmt"/>
        <line num="19" count="5" type="stmt"/>
        <line num="20" count="5" type="stmt"/>
        <line num="24" count="2" type="stmt"/>
      </file>
      <file name="index.js" path="D:\Kuliah\IDCamp\Expert_BE\AuthApi-CleanArc\src\Interfaces\http\api\users\index.js">
        <metrics statements="5" coveredstatements="5" conditionals="0" coveredconditionals="0" methods="1" coveredmethods="1"/>
        <line num="1" count="2" type="stmt"/>
        <line num="2" count="2" type="stmt"/>
        <line num="4" count="2" type="stmt"/>
        <line num="7" count="19" type="stmt"/>
        <line num="8" count="19" type="stmt"/>
      </file>
      <file name="routes.js" path="D:\Kuliah\IDCamp\Expert_BE\AuthApi-CleanArc\src\Interfaces\http\api\users\routes.js">
        <metrics statements="2" coveredstatements="2" conditionals="0" coveredconditionals="0" methods="1" coveredmethods="1"/>
        <line num="1" count="19" type="stmt"/>
        <line num="9" count="2" type="stmt"/>
      </file>
    </package>
    <package name="tests">
      <metrics statements="18" coveredstatements="18" conditionals="4" coveredconditionals="3" methods="6" coveredmethods="6"/>
      <file name="AuthenticationsTableTestHelper.js" path="D:\Kuliah\IDCamp\Expert_BE\AuthApi-CleanArc\tests\AuthenticationsTableTestHelper.js">
        <metrics statements="9" coveredstatements="9" conditionals="0" coveredconditionals="0" methods="3" coveredmethods="3"/>
        <line num="2" count="2" type="stmt"/>
        <line num="4" count="2" type="stmt"/>
        <line num="6" count="2" type="stmt"/>
        <line num="10" count="2" type="stmt"/>
        <line num="14" count="2" type="stmt"/>
        <line num="19" count="2" type="stmt"/>
        <line num="21" count="2" type="stmt"/>
        <line num="24" count="16" type="stmt"/>
        <line num="28" count="2" type="stmt"/>
      </file>
      <file name="UsersTableTestHelper.js" path="D:\Kuliah\IDCamp\Expert_BE\AuthApi-CleanArc\tests\UsersTableTestHelper.js">
        <metrics statements="9" coveredstatements="9" conditionals="4" coveredconditionals="3" methods="3" coveredmethods="3"/>
        <line num="2" count="3" type="stmt"/>
        <line num="4" count="3" type="stmt"/>
        <line num="8" count="4" type="stmt"/>
        <line num="13" count="4" type="stmt"/>
        <line num="17" count="1" type="stmt"/>
        <line num="22" count="1" type="stmt"/>
        <line num="23" count="1" type="stmt"/>
        <line num="27" count="27" type="stmt"/>
        <line num="31" count="3" type="stmt"/>
      </file>
    </package>
  </project>
</coverage>
