{"D:\\Kuliah\\IDCamp\\Expert_BE\\AuthApi-CleanArc\\src\\Apps\\security\\PasswordHash.js": {"path":"D:\\Kuliah\\IDCamp\\Expert_BE\\AuthApi-CleanArc\\src\\Apps\\security\\PasswordHash.js","statementMap":{"0":{"start":{"line":3,"column":4},"end":{"line":3,"column":60}},"1":{"start":{"line":7,"column":4},"end":{"line":7,"column":60}},"2":{"start":{"line":11,"column":0},"end":{"line":11,"column":30}}},"fnMap":{"0":{"name":"(anonymous_0)","decl":{"start":{"line":2,"column":2},"end":{"line":2,"column":3}},"loc":{"start":{"line":2,"column":23},"end":{"line":4,"column":3}},"line":2},"1":{"name":"(anonymous_1)","decl":{"start":{"line":6,"column":2},"end":{"line":6,"column":3}},"loc":{"start":{"line":6,"column":26},"end":{"line":8,"column":3}},"line":6}},"branchMap":{},"s":{"0":1,"1":1,"2":6},"f":{"0":1,"1":1},"b":{},"_coverageSchema":"1a1c01bbd47fc00a2c39e90264f33305004495a9","hash":"989ad140e58407feded15ede9ed18b0d435ea134"}
,"D:\\Kuliah\\IDCamp\\Expert_BE\\AuthApi-CleanArc\\src\\Apps\\security\\auth\\TokenManager.js": {"path":"D:\\Kuliah\\IDCamp\\Expert_BE\\AuthApi-CleanArc\\src\\Apps\\security\\auth\\TokenManager.js","statementMap":{"0":{"start":{"line":3,"column":4},"end":{"line":3,"column":60}},"1":{"start":{"line":7,"column":4},"end":{"line":7,"column":60}},"2":{"start":{"line":11,"column":4},"end":{"line":11,"column":60}},"3":{"start":{"line":15,"column":4},"end":{"line":15,"column":60}},"4":{"start":{"line":19,"column":4},"end":{"line":19,"column":60}},"5":{"start":{"line":23,"column":4},"end":{"line":23,"column":60}},"6":{"start":{"line":27,"column":0},"end":{"line":27,"column":30}}},"fnMap":{"0":{"name":"(anonymous_0)","decl":{"start":{"line":2,"column":2},"end":{"line":2,"column":3}},"loc":{"start":{"line":2,"column":37},"end":{"line":4,"column":3}},"line":2},"1":{"name":"(anonymous_1)","decl":{"start":{"line":6,"column":2},"end":{"line":6,"column":3}},"loc":{"start":{"line":6,"column":38},"end":{"line":8,"column":3}},"line":6},"2":{"name":"(anonymous_2)","decl":{"start":{"line":10,"column":2},"end":{"line":10,"column":3}},"loc":{"start":{"line":10,"column":33},"end":{"line":12,"column":3}},"line":10},"3":{"name":"(anonymous_3)","decl":{"start":{"line":14,"column":2},"end":{"line":14,"column":3}},"loc":{"start":{"line":14,"column":34},"end":{"line":16,"column":3}},"line":14},"4":{"name":"(anonymous_4)","decl":{"start":{"line":18,"column":2},"end":{"line":18,"column":3}},"loc":{"start":{"line":18,"column":39},"end":{"line":20,"column":3}},"line":18},"5":{"name":"(anonymous_5)","decl":{"start":{"line":22,"column":2},"end":{"line":22,"column":3}},"loc":{"start":{"line":22,"column":31},"end":{"line":24,"column":3}},"line":22}},"branchMap":{},"s":{"0":1,"1":1,"2":1,"3":1,"4":1,"5":1,"6":7},"f":{"0":1,"1":1,"2":1,"3":1,"4":1,"5":1},"b":{},"_coverageSchema":"1a1c01bbd47fc00a2c39e90264f33305004495a9","hash":"56dd877709c9bd24088862e21310e43923410664"}
,"D:\\Kuliah\\IDCamp\\Expert_BE\\AuthApi-CleanArc\\src\\Apps\\use_case\\AddUserUseCase.js": {"path":"D:\\Kuliah\\IDCamp\\Expert_BE\\AuthApi-CleanArc\\src\\Apps\\use_case\\AddUserUseCase.js","statementMap":{"0":{"start":{"line":1,"column":21},"end":{"line":1,"column":73}},"1":{"start":{"line":5,"column":4},"end":{"line":5,"column":41}},"2":{"start":{"line":6,"column":4},"end":{"line":6,"column":37}},"3":{"start":{"line":10,"column":25},"end":{"line":10,"column":57}},"4":{"start":{"line":11,"column":4},"end":{"line":11,"column":77}},"5":{"start":{"line":12,"column":4},"end":{"line":12,"column":80}},"6":{"start":{"line":13,"column":4},"end":{"line":13,"column":53}},"7":{"start":{"line":17,"column":0},"end":{"line":17,"column":32}}},"fnMap":{"0":{"name":"(anonymous_0)","decl":{"start":{"line":4,"column":2},"end":{"line":4,"column":3}},"loc":{"start":{"line":4,"column":48},"end":{"line":7,"column":3}},"line":4},"1":{"name":"(anonymous_1)","decl":{"start":{"line":9,"column":2},"end":{"line":9,"column":3}},"loc":{"start":{"line":9,"column":32},"end":{"line":14,"column":3}},"line":9}},"branchMap":{},"s":{"0":3,"1":3,"2":3,"3":11,"4":7,"5":6,"6":6,"7":3},"f":{"0":3,"1":11},"b":{},"_coverageSchema":"1a1c01bbd47fc00a2c39e90264f33305004495a9","hash":"012e9d82567ee064e316be7f3d45d0f75038ed78"}
,"D:\\Kuliah\\IDCamp\\Expert_BE\\AuthApi-CleanArc\\src\\Apps\\use_case\\LoginUserUseCase.js": {"path":"D:\\Kuliah\\IDCamp\\Expert_BE\\AuthApi-CleanArc\\src\\Apps\\use_case\\LoginUserUseCase.js","statementMap":{"0":{"start":{"line":1,"column":17},"end":{"line":1,"column":64}},"1":{"start":{"line":2,"column":18},"end":{"line":2,"column":67}},"2":{"start":{"line":8,"column":4},"end":{"line":8,"column":41}},"3":{"start":{"line":9,"column":4},"end":{"line":9,"column":37}},"4":{"start":{"line":10,"column":4},"end":{"line":10,"column":41}},"5":{"start":{"line":11,"column":4},"end":{"line":11,"column":37}},"6":{"start":{"line":15,"column":35},"end":{"line":15,"column":64}},"7":{"start":{"line":16,"column":30},"end":{"line":16,"column":87}},"8":{"start":{"line":17,"column":4},"end":{"line":17,"column":65}},"9":{"start":{"line":18,"column":19},"end":{"line":18,"column":70}},"10":{"start":{"line":20,"column":24},"end":{"line":20,"column":75}},"11":{"start":{"line":21,"column":25},"end":{"line":21,"column":77}},"12":{"start":{"line":23,"column":4},"end":{"line":23,"column":53}},"13":{"start":{"line":25,"column":4},"end":{"line":28,"column":7}},"14":{"start":{"line":32,"column":0},"end":{"line":32,"column":34}}},"fnMap":{"0":{"name":"(anonymous_0)","decl":{"start":{"line":5,"column":2},"end":{"line":5,"column":3}},"loc":{"start":{"line":7,"column":5},"end":{"line":12,"column":3}},"line":7},"1":{"name":"(anonymous_1)","decl":{"start":{"line":14,"column":2},"end":{"line":14,"column":3}},"loc":{"start":{"line":14,"column":32},"end":{"line":29,"column":3}},"line":14}},"branchMap":{},"s":{"0":3,"1":3,"2":2,"3":2,"4":2,"5":2,"6":8,"7":6,"8":5,"9":4,"10":4,"11":4,"12":4,"13":4,"14":3},"f":{"0":2,"1":8},"b":{},"_coverageSchema":"1a1c01bbd47fc00a2c39e90264f33305004495a9","hash":"5962df4b1644b199f38cbc0b6f71db27ea95f402"}
,"D:\\Kuliah\\IDCamp\\Expert_BE\\AuthApi-CleanArc\\src\\Apps\\use_case\\LogoutUserUseCase.js": {"path":"D:\\Kuliah\\IDCamp\\Expert_BE\\AuthApi-CleanArc\\src\\Apps\\use_case\\LogoutUserUseCase.js","statementMap":{"0":{"start":{"line":1,"column":23},"end":{"line":1,"column":73}},"1":{"start":{"line":5,"column":4},"end":{"line":5,"column":37}},"2":{"start":{"line":6,"column":4},"end":{"line":6,"column":41}},"3":{"start":{"line":10,"column":4},"end":{"line":10,"column":39}},"4":{"start":{"line":12,"column":29},"end":{"line":12,"column":43}},"5":{"start":{"line":14,"column":4},"end":{"line":14,"column":63}},"6":{"start":{"line":15,"column":4},"end":{"line":15,"column":61}},"7":{"start":{"line":16,"column":4},"end":{"line":16,"column":56}},"8":{"start":{"line":20,"column":29},"end":{"line":20,"column":43}},"9":{"start":{"line":21,"column":4},"end":{"line":21,"column":90}},"10":{"start":{"line":21,"column":23},"end":{"line":21,"column":90}},"11":{"start":{"line":22,"column":4},"end":{"line":22,"column":100}},"12":{"start":{"line":22,"column":42},"end":{"line":22,"column":100}},"13":{"start":{"line":26,"column":0},"end":{"line":26,"column":35}}},"fnMap":{"0":{"name":"(anonymous_0)","decl":{"start":{"line":4,"column":2},"end":{"line":4,"column":3}},"loc":{"start":{"line":4,"column":48},"end":{"line":7,"column":3}},"line":4},"1":{"name":"(anonymous_1)","decl":{"start":{"line":9,"column":2},"end":{"line":9,"column":3}},"loc":{"start":{"line":9,"column":32},"end":{"line":17,"column":3}},"line":9},"2":{"name":"(anonymous_2)","decl":{"start":{"line":19,"column":2},"end":{"line":19,"column":3}},"loc":{"start":{"line":19,"column":32},"end":{"line":23,"column":3}},"line":19}},"branchMap":{"0":{"loc":{"start":{"line":21,"column":4},"end":{"line":21,"column":90}},"type":"if","locations":[{"start":{"line":21,"column":4},"end":{"line":21,"column":90}},{"start":{},"end":{}}],"line":21},"1":{"loc":{"start":{"line":22,"column":4},"end":{"line":22,"column":100}},"type":"if","locations":[{"start":{"line":22,"column":4},"end":{"line":22,"column":100}},{"start":{},"end":{}}],"line":22}},"s":{"0":3,"1":4,"2":4,"3":5,"4":3,"5":3,"6":2,"7":2,"8":5,"9":5,"10":1,"11":4,"12":1,"13":3},"f":{"0":4,"1":5,"2":5},"b":{"0":[1,4],"1":[1,3]},"_coverageSchema":"1a1c01bbd47fc00a2c39e90264f33305004495a9","hash":"e135ccf971d157cef29e10f1b1d89b2a56bf34ac"}
,"D:\\Kuliah\\IDCamp\\Expert_BE\\AuthApi-CleanArc\\src\\Apps\\use_case\\RefreshAuthenticationUseCase.js": {"path":"D:\\Kuliah\\IDCamp\\Expert_BE\\AuthApi-CleanArc\\src\\Apps\\use_case\\RefreshAuthenticationUseCase.js","statementMap":{"0":{"start":{"line":1,"column":23},"end":{"line":1,"column":73}},"1":{"start":{"line":5,"column":4},"end":{"line":5,"column":41}},"2":{"start":{"line":6,"column":4},"end":{"line":6,"column":37}},"3":{"start":{"line":10,"column":4},"end":{"line":10,"column":39}},"4":{"start":{"line":12,"column":29},"end":{"line":12,"column":43}},"5":{"start":{"line":14,"column":4},"end":{"line":14,"column":61}},"6":{"start":{"line":15,"column":4},"end":{"line":15,"column":63}},"7":{"start":{"line":16,"column":23},"end":{"line":16,"column":76}},"8":{"start":{"line":17,"column":24},"end":{"line":17,"column":79}},"9":{"start":{"line":19,"column":4},"end":{"line":19,"column":23}},"10":{"start":{"line":23,"column":29},"end":{"line":23,"column":43}},"11":{"start":{"line":24,"column":4},"end":{"line":24,"column":90}},"12":{"start":{"line":24,"column":23},"end":{"line":24,"column":90}},"13":{"start":{"line":25,"column":4},"end":{"line":25,"column":100}},"14":{"start":{"line":25,"column":42},"end":{"line":25,"column":100}},"15":{"start":{"line":29,"column":0},"end":{"line":29,"column":46}}},"fnMap":{"0":{"name":"(anonymous_0)","decl":{"start":{"line":4,"column":2},"end":{"line":4,"column":3}},"loc":{"start":{"line":4,"column":48},"end":{"line":7,"column":3}},"line":4},"1":{"name":"(anonymous_1)","decl":{"start":{"line":9,"column":2},"end":{"line":9,"column":3}},"loc":{"start":{"line":9,"column":32},"end":{"line":20,"column":3}},"line":9},"2":{"name":"(anonymous_2)","decl":{"start":{"line":22,"column":2},"end":{"line":22,"column":3}},"loc":{"start":{"line":22,"column":32},"end":{"line":26,"column":3}},"line":22}},"branchMap":{"0":{"loc":{"start":{"line":24,"column":4},"end":{"line":24,"column":90}},"type":"if","locations":[{"start":{"line":24,"column":4},"end":{"line":24,"column":90}},{"start":{},"end":{}}],"line":24},"1":{"loc":{"start":{"line":25,"column":4},"end":{"line":25,"column":100}},"type":"if","locations":[{"start":{"line":25,"column":4},"end":{"line":25,"column":100}},{"start":{},"end":{}}],"line":25}},"s":{"0":3,"1":4,"2":4,"3":5,"4":3,"5":3,"6":2,"7":2,"8":2,"9":2,"10":5,"11":5,"12":1,"13":4,"14":1,"15":3},"f":{"0":4,"1":5,"2":5},"b":{"0":[1,4],"1":[1,3]},"_coverageSchema":"1a1c01bbd47fc00a2c39e90264f33305004495a9","hash":"8864f9fee914dadf66a6c88780f3355d0fc8c1be"}
,"D:\\Kuliah\\IDCamp\\Expert_BE\\AuthApi-CleanArc\\src\\Commons\\config.js": {"path":"D:\\Kuliah\\IDCamp\\Expert_BE\\AuthApi-CleanArc\\src\\Commons\\config.js","statementMap":{"0":{"start":{"line":1,"column":18},"end":{"line":1,"column":36}},"1":{"start":{"line":2,"column":15},"end":{"line":2,"column":32}},"2":{"start":{"line":3,"column":13},"end":{"line":3,"column":28}},"3":{"start":{"line":5,"column":0},"end":{"line":11,"column":1}},"4":{"start":{"line":6,"column":2},"end":{"line":8,"column":5}},"5":{"start":{"line":10,"column":2},"end":{"line":10,"column":18}},"6":{"start":{"line":13,"column":15},"end":{"line":26,"column":1}},"7":{"start":{"line":28,"column":0},"end":{"line":28,"column":24}}},"fnMap":{},"branchMap":{"0":{"loc":{"start":{"line":5,"column":0},"end":{"line":11,"column":1}},"type":"if","locations":[{"start":{"line":5,"column":0},"end":{"line":11,"column":1}},{"start":{"line":9,"column":7},"end":{"line":11,"column":1}}],"line":5},"1":{"loc":{"start":{"line":15,"column":10},"end":{"line":15,"column":73}},"type":"cond-expr","locations":[{"start":{"line":15,"column":50},"end":{"line":15,"column":61}},{"start":{"line":15,"column":64},"end":{"line":15,"column":73}}],"line":15},"2":{"loc":{"start":{"line":17,"column":11},"end":{"line":17,"column":79}},"type":"cond-expr","locations":[{"start":{"line":17,"column":52},"end":{"line":17,"column":74}},{"start":{"line":17,"column":77},"end":{"line":17,"column":79}}],"line":17}},"s":{"0":4,"1":4,"2":4,"3":4,"4":4,"5":0,"6":4,"7":4},"f":{},"b":{"0":[4,0],"1":[4,0],"2":[0,4]},"_coverageSchema":"1a1c01bbd47fc00a2c39e90264f33305004495a9","hash":"921647e051b51904503849fb81ac77fb6d9918fb"}
,"D:\\Kuliah\\IDCamp\\Expert_BE\\AuthApi-CleanArc\\src\\Commons\\exceptions\\AuthenticationError.js": {"path":"D:\\Kuliah\\IDCamp\\Expert_BE\\AuthApi-CleanArc\\src\\Commons\\exceptions\\AuthenticationError.js","statementMap":{"0":{"start":{"line":1,"column":20},"end":{"line":1,"column":44}},"1":{"start":{"line":5,"column":4},"end":{"line":5,"column":24}},"2":{"start":{"line":6,"column":4},"end":{"line":6,"column":39}},"3":{"start":{"line":10,"column":0},"end":{"line":10,"column":37}}},"fnMap":{"0":{"name":"(anonymous_0)","decl":{"start":{"line":4,"column":2},"end":{"line":4,"column":3}},"loc":{"start":{"line":4,"column":23},"end":{"line":7,"column":3}},"line":4}},"branchMap":{},"s":{"0":5,"1":5,"2":5,"3":5},"f":{"0":5},"b":{},"_coverageSchema":"1a1c01bbd47fc00a2c39e90264f33305004495a9","hash":"63d6203dbeff2af92739fc41822384c8f57306db"}
,"D:\\Kuliah\\IDCamp\\Expert_BE\\AuthApi-CleanArc\\src\\Commons\\exceptions\\ClientError.js": {"path":"D:\\Kuliah\\IDCamp\\Expert_BE\\AuthApi-CleanArc\\src\\Commons\\exceptions\\ClientError.js","statementMap":{"0":{"start":{"line":3,"column":4},"end":{"line":3,"column":19}},"1":{"start":{"line":5,"column":4},"end":{"line":7,"column":5}},"2":{"start":{"line":6,"column":6},"end":{"line":6,"column":59}},"3":{"start":{"line":9,"column":4},"end":{"line":9,"column":33}},"4":{"start":{"line":10,"column":4},"end":{"line":10,"column":30}},"5":{"start":{"line":14,"column":0},"end":{"line":14,"column":29}}},"fnMap":{"0":{"name":"(anonymous_0)","decl":{"start":{"line":2,"column":2},"end":{"line":2,"column":3}},"loc":{"start":{"line":2,"column":41},"end":{"line":11,"column":3}},"line":2}},"branchMap":{"0":{"loc":{"start":{"line":2,"column":23},"end":{"line":2,"column":39}},"type":"default-arg","locations":[{"start":{"line":2,"column":36},"end":{"line":2,"column":39}}],"line":2},"1":{"loc":{"start":{"line":5,"column":4},"end":{"line":7,"column":5}},"type":"if","locations":[{"start":{"line":5,"column":4},"end":{"line":7,"column":5}},{"start":{},"end":{}}],"line":5}},"s":{"0":55,"1":55,"2":1,"3":54,"4":54,"5":13},"f":{"0":55},"b":{"0":[49],"1":[1,54]},"_coverageSchema":"1a1c01bbd47fc00a2c39e90264f33305004495a9","hash":"502e5b371906f46131ba93952c83f03ece13c08d"}
,"D:\\Kuliah\\IDCamp\\Expert_BE\\AuthApi-CleanArc\\src\\Commons\\exceptions\\DomainErrorTranslator.js": {"path":"D:\\Kuliah\\IDCamp\\Expert_BE\\AuthApi-CleanArc\\src\\Commons\\exceptions\\DomainErrorTranslator.js","statementMap":{"0":{"start":{"line":1,"column":23},"end":{"line":1,"column":50}},"1":{"start":{"line":3,"column":30},"end":{"line":7,"column":1}},"2":{"start":{"line":5,"column":4},"end":{"line":5,"column":69}},"3":{"start":{"line":9,"column":0},"end":{"line":18,"column":2}},"4":{"start":{"line":20,"column":0},"end":{"line":20,"column":39}}},"fnMap":{"0":{"name":"(anonymous_0)","decl":{"start":{"line":4,"column":2},"end":{"line":4,"column":3}},"loc":{"start":{"line":4,"column":19},"end":{"line":6,"column":3}},"line":4}},"branchMap":{"0":{"loc":{"start":{"line":5,"column":11},"end":{"line":5,"column":68}},"type":"binary-expr","locations":[{"start":{"line":5,"column":11},"end":{"line":5,"column":59}},{"start":{"line":5,"column":63},"end":{"line":5,"column":68}}],"line":5}},"s":{"0":3,"1":3,"2":24,"3":3,"4":3},"f":{"0":24},"b":{"0":[24,10]},"_coverageSchema":"1a1c01bbd47fc00a2c39e90264f33305004495a9","hash":"b95081e8a240c5494bf47202a2288950b63b154d"}
,"D:\\Kuliah\\IDCamp\\Expert_BE\\AuthApi-CleanArc\\src\\Commons\\exceptions\\InvariantError.js": {"path":"D:\\Kuliah\\IDCamp\\Expert_BE\\AuthApi-CleanArc\\src\\Commons\\exceptions\\InvariantError.js","statementMap":{"0":{"start":{"line":1,"column":20},"end":{"line":1,"column":44}},"1":{"start":{"line":5,"column":4},"end":{"line":5,"column":19}},"2":{"start":{"line":6,"column":4},"end":{"line":6,"column":33}},"3":{"start":{"line":10,"column":0},"end":{"line":10,"column":32}}},"fnMap":{"0":{"name":"(anonymous_0)","decl":{"start":{"line":4,"column":2},"end":{"line":4,"column":3}},"loc":{"start":{"line":4,"column":23},"end":{"line":7,"column":3}},"line":4}},"branchMap":{},"s":{"0":9,"1":48,"2":48,"3":9},"f":{"0":48},"b":{},"_coverageSchema":"1a1c01bbd47fc00a2c39e90264f33305004495a9","hash":"c5ca8d8cad08e90f804dcbeb79997daace993ff6"}
,"D:\\Kuliah\\IDCamp\\Expert_BE\\AuthApi-CleanArc\\src\\Commons\\exceptions\\NotFoundError.js": {"path":"D:\\Kuliah\\IDCamp\\Expert_BE\\AuthApi-CleanArc\\src\\Commons\\exceptions\\NotFoundError.js","statementMap":{"0":{"start":{"line":1,"column":20},"end":{"line":1,"column":44}},"1":{"start":{"line":5,"column":4},"end":{"line":5,"column":24}},"2":{"start":{"line":6,"column":4},"end":{"line":6,"column":32}},"3":{"start":{"line":10,"column":0},"end":{"line":10,"column":31}}},"fnMap":{"0":{"name":"(anonymous_0)","decl":{"start":{"line":4,"column":2},"end":{"line":4,"column":3}},"loc":{"start":{"line":4,"column":23},"end":{"line":7,"column":3}},"line":4}},"branchMap":{},"s":{"0":1,"1":1,"2":1,"3":1},"f":{"0":1},"b":{},"_coverageSchema":"1a1c01bbd47fc00a2c39e90264f33305004495a9","hash":"6df2fc27bbf9a557f6777ede7b4b16b76fba3f14"}
,"D:\\Kuliah\\IDCamp\\Expert_BE\\AuthApi-CleanArc\\src\\Domains\\auth\\AuthRepository.js": {"path":"D:\\Kuliah\\IDCamp\\Expert_BE\\AuthApi-CleanArc\\src\\Domains\\auth\\AuthRepository.js","statementMap":{"0":{"start":{"line":3,"column":4},"end":{"line":3,"column":62}},"1":{"start":{"line":7,"column":4},"end":{"line":7,"column":62}},"2":{"start":{"line":11,"column":4},"end":{"line":11,"column":62}},"3":{"start":{"line":15,"column":0},"end":{"line":15,"column":32}}},"fnMap":{"0":{"name":"(anonymous_0)","decl":{"start":{"line":2,"column":2},"end":{"line":2,"column":3}},"loc":{"start":{"line":2,"column":24},"end":{"line":4,"column":3}},"line":2},"1":{"name":"(anonymous_1)","decl":{"start":{"line":6,"column":2},"end":{"line":6,"column":3}},"loc":{"start":{"line":6,"column":34},"end":{"line":8,"column":3}},"line":6},"2":{"name":"(anonymous_2)","decl":{"start":{"line":10,"column":2},"end":{"line":10,"column":3}},"loc":{"start":{"line":10,"column":27},"end":{"line":12,"column":3}},"line":10}},"branchMap":{},"s":{"0":1,"1":1,"2":1,"3":7},"f":{"0":1,"1":1,"2":1},"b":{},"_coverageSchema":"1a1c01bbd47fc00a2c39e90264f33305004495a9","hash":"fa7834d30145934a1a30e6bb541772c4c200d083"}
,"D:\\Kuliah\\IDCamp\\Expert_BE\\AuthApi-CleanArc\\src\\Domains\\auth\\entities\\AuthUser.js": {"path":"D:\\Kuliah\\IDCamp\\Expert_BE\\AuthApi-CleanArc\\src\\Domains\\auth\\entities\\AuthUser.js","statementMap":{"0":{"start":{"line":3,"column":4},"end":{"line":3,"column":51}},"1":{"start":{"line":5,"column":4},"end":{"line":5,"column":35}},"2":{"start":{"line":6,"column":4},"end":{"line":6,"column":37}},"3":{"start":{"line":10,"column":4},"end":{"line":12,"column":5}},"4":{"start":{"line":11,"column":6},"end":{"line":11,"column":63}},"5":{"start":{"line":14,"column":4},"end":{"line":16,"column":5}},"6":{"start":{"line":15,"column":6},"end":{"line":15,"column":68}},"7":{"start":{"line":20,"column":0},"end":{"line":20,"column":26}}},"fnMap":{"0":{"name":"(anonymous_0)","decl":{"start":{"line":2,"column":2},"end":{"line":2,"column":3}},"loc":{"start":{"line":2,"column":45},"end":{"line":7,"column":3}},"line":2},"1":{"name":"(anonymous_1)","decl":{"start":{"line":9,"column":2},"end":{"line":9,"column":3}},"loc":{"start":{"line":9,"column":44},"end":{"line":17,"column":3}},"line":9}},"branchMap":{"0":{"loc":{"start":{"line":10,"column":4},"end":{"line":12,"column":5}},"type":"if","locations":[{"start":{"line":10,"column":4},"end":{"line":12,"column":5}},{"start":{},"end":{}}],"line":10},"1":{"loc":{"start":{"line":10,"column":8},"end":{"line":10,"column":37}},"type":"binary-expr","locations":[{"start":{"line":10,"column":8},"end":{"line":10,"column":20}},{"start":{"line":10,"column":24},"end":{"line":10,"column":37}}],"line":10},"2":{"loc":{"start":{"line":14,"column":4},"end":{"line":16,"column":5}},"type":"if","locations":[{"start":{"line":14,"column":4},"end":{"line":16,"column":5}},{"start":{},"end":{}}],"line":14},"3":{"loc":{"start":{"line":14,"column":8},"end":{"line":14,"column":75}},"type":"binary-expr","locations":[{"start":{"line":14,"column":8},"end":{"line":14,"column":39}},{"start":{"line":14,"column":43},"end":{"line":14,"column":75}}],"line":14}},"s":{"0":7,"1":7,"2":7,"3":7,"4":0,"5":7,"6":0,"7":4},"f":{"0":7,"1":7},"b":{"0":[0,7],"1":[7,7],"2":[0,7],"3":[7,7]},"_coverageSchema":"1a1c01bbd47fc00a2c39e90264f33305004495a9","hash":"134a4166d6bd0e7e03394845b7239990a9941471"}
,"D:\\Kuliah\\IDCamp\\Expert_BE\\AuthApi-CleanArc\\src\\Domains\\users\\UserRepository.js": {"path":"D:\\Kuliah\\IDCamp\\Expert_BE\\AuthApi-CleanArc\\src\\Domains\\users\\UserRepository.js","statementMap":{"0":{"start":{"line":3,"column":4},"end":{"line":3,"column":62}},"1":{"start":{"line":7,"column":4},"end":{"line":7,"column":62}},"2":{"start":{"line":11,"column":4},"end":{"line":11,"column":62}},"3":{"start":{"line":15,"column":4},"end":{"line":15,"column":62}},"4":{"start":{"line":19,"column":0},"end":{"line":19,"column":32}}},"fnMap":{"0":{"name":"(anonymous_0)","decl":{"start":{"line":2,"column":2},"end":{"line":2,"column":3}},"loc":{"start":{"line":2,"column":30},"end":{"line":4,"column":3}},"line":2},"1":{"name":"(anonymous_1)","decl":{"start":{"line":6,"column":2},"end":{"line":6,"column":3}},"loc":{"start":{"line":6,"column":42},"end":{"line":8,"column":3}},"line":6},"2":{"name":"(anonymous_2)","decl":{"start":{"line":10,"column":2},"end":{"line":10,"column":3}},"loc":{"start":{"line":10,"column":40},"end":{"line":12,"column":3}},"line":10},"3":{"name":"(anonymous_3)","decl":{"start":{"line":14,"column":2},"end":{"line":14,"column":3}},"loc":{"start":{"line":14,"column":34},"end":{"line":16,"column":3}},"line":14}},"branchMap":{},"s":{"0":1,"1":1,"2":1,"3":1,"4":6},"f":{"0":1,"1":1,"2":1,"3":1},"b":{},"_coverageSchema":"1a1c01bbd47fc00a2c39e90264f33305004495a9","hash":"1632215d1753671847599d8328a719fabfe88ccd"}
,"D:\\Kuliah\\IDCamp\\Expert_BE\\AuthApi-CleanArc\\src\\Domains\\users\\entities\\LoginUser.js": {"path":"D:\\Kuliah\\IDCamp\\Expert_BE\\AuthApi-CleanArc\\src\\Domains\\users\\entities\\LoginUser.js","statementMap":{"0":{"start":{"line":3,"column":35},"end":{"line":3,"column":42}},"1":{"start":{"line":5,"column":4},"end":{"line":5,"column":44}},"2":{"start":{"line":7,"column":4},"end":{"line":7,"column":29}},"3":{"start":{"line":8,"column":4},"end":{"line":8,"column":29}},"4":{"start":{"line":12,"column":4},"end":{"line":14,"column":5}},"5":{"start":{"line":13,"column":6},"end":{"line":13,"column":64}},"6":{"start":{"line":16,"column":4},"end":{"line":18,"column":5}},"7":{"start":{"line":17,"column":6},"end":{"line":17,"column":69}},"8":{"start":{"line":22,"column":0},"end":{"line":22,"column":27}}},"fnMap":{"0":{"name":"(anonymous_0)","decl":{"start":{"line":2,"column":2},"end":{"line":2,"column":3}},"loc":{"start":{"line":2,"column":23},"end":{"line":9,"column":3}},"line":2},"1":{"name":"(anonymous_1)","decl":{"start":{"line":11,"column":2},"end":{"line":11,"column":3}},"loc":{"start":{"line":11,"column":37},"end":{"line":19,"column":3}},"line":11}},"branchMap":{"0":{"loc":{"start":{"line":12,"column":4},"end":{"line":14,"column":5}},"type":"if","locations":[{"start":{"line":12,"column":4},"end":{"line":14,"column":5}},{"start":{},"end":{}}],"line":12},"1":{"loc":{"start":{"line":12,"column":8},"end":{"line":12,"column":30}},"type":"binary-expr","locations":[{"start":{"line":12,"column":8},"end":{"line":12,"column":17}},{"start":{"line":12,"column":21},"end":{"line":12,"column":30}}],"line":12},"2":{"loc":{"start":{"line":16,"column":4},"end":{"line":18,"column":5}},"type":"if","locations":[{"start":{"line":16,"column":4},"end":{"line":18,"column":5}},{"start":{},"end":{}}],"line":16},"3":{"loc":{"start":{"line":16,"column":8},"end":{"line":16,"column":68}},"type":"binary-expr","locations":[{"start":{"line":16,"column":8},"end":{"line":16,"column":36}},{"start":{"line":16,"column":40},"end":{"line":16,"column":68}}],"line":16}},"s":{"0":9,"1":9,"2":7,"3":7,"4":9,"5":1,"6":8,"7":1,"8":4},"f":{"0":9,"1":9},"b":{"0":[1,8],"1":[9,9],"2":[1,7],"3":[8,8]},"_coverageSchema":"1a1c01bbd47fc00a2c39e90264f33305004495a9","hash":"89738628a0dc227d3a196e4b417d10dfddfa8e47"}
,"D:\\Kuliah\\IDCamp\\Expert_BE\\AuthApi-CleanArc\\src\\Domains\\users\\entities\\RegisterUser.js": {"path":"D:\\Kuliah\\IDCamp\\Expert_BE\\AuthApi-CleanArc\\src\\Domains\\users\\entities\\RegisterUser.js","statementMap":{"0":{"start":{"line":3,"column":4},"end":{"line":5,"column":5}},"1":{"start":{"line":4,"column":6},"end":{"line":4,"column":67}},"2":{"start":{"line":7,"column":4},"end":{"line":9,"column":5}},"3":{"start":{"line":8,"column":6},"end":{"line":8,"column":72}},"4":{"start":{"line":11,"column":4},"end":{"line":13,"column":5}},"5":{"start":{"line":12,"column":6},"end":{"line":12,"column":59}},"6":{"start":{"line":15,"column":4},"end":{"line":17,"column":5}},"7":{"start":{"line":16,"column":6},"end":{"line":16,"column":77}},"8":{"start":{"line":19,"column":4},"end":{"line":19,"column":29}},"9":{"start":{"line":20,"column":4},"end":{"line":20,"column":29}},"10":{"start":{"line":21,"column":4},"end":{"line":21,"column":29}},"11":{"start":{"line":25,"column":0},"end":{"line":25,"column":30}}},"fnMap":{"0":{"name":"(anonymous_0)","decl":{"start":{"line":2,"column":2},"end":{"line":2,"column":3}},"loc":{"start":{"line":2,"column":48},"end":{"line":22,"column":3}},"line":2}},"branchMap":{"0":{"loc":{"start":{"line":3,"column":4},"end":{"line":5,"column":5}},"type":"if","locations":[{"start":{"line":3,"column":4},"end":{"line":5,"column":5}},{"start":{},"end":{}}],"line":3},"1":{"loc":{"start":{"line":3,"column":8},"end":{"line":3,"column":43}},"type":"binary-expr","locations":[{"start":{"line":3,"column":8},"end":{"line":3,"column":17}},{"start":{"line":3,"column":21},"end":{"line":3,"column":30}},{"start":{"line":3,"column":34},"end":{"line":3,"column":43}}],"line":3},"2":{"loc":{"start":{"line":7,"column":4},"end":{"line":9,"column":5}},"type":"if","locations":[{"start":{"line":7,"column":4},"end":{"line":9,"column":5}},{"start":{},"end":{}}],"line":7},"3":{"loc":{"start":{"line":7,"column":8},"end":{"line":7,"column":100}},"type":"binary-expr","locations":[{"start":{"line":7,"column":8},"end":{"line":7,"column":36}},{"start":{"line":7,"column":40},"end":{"line":7,"column":68}},{"start":{"line":7,"column":72},"end":{"line":7,"column":100}}],"line":7},"4":{"loc":{"start":{"line":11,"column":4},"end":{"line":13,"column":5}},"type":"if","locations":[{"start":{"line":11,"column":4},"end":{"line":13,"column":5}},{"start":{},"end":{}}],"line":11},"5":{"loc":{"start":{"line":15,"column":4},"end":{"line":17,"column":5}},"type":"if","locations":[{"start":{"line":15,"column":4},"end":{"line":17,"column":5}},{"start":{},"end":{}}],"line":15}},"s":{"0":19,"1":2,"2":17,"3":2,"4":15,"5":2,"6":13,"7":2,"8":11,"9":11,"10":11,"11":5},"f":{"0":19},"b":{"0":[2,17],"1":[19,18,18],"2":[2,15],"3":[17,16,16],"4":[2,13],"5":[2,11]},"_coverageSchema":"1a1c01bbd47fc00a2c39e90264f33305004495a9","hash":"47e54ac88a27fecb2c4fbdeb3b64ae7b79ea387d"}
,"D:\\Kuliah\\IDCamp\\Expert_BE\\AuthApi-CleanArc\\src\\Domains\\users\\entities\\RegisteredUser.js": {"path":"D:\\Kuliah\\IDCamp\\Expert_BE\\AuthApi-CleanArc\\src\\Domains\\users\\entities\\RegisteredUser.js","statementMap":{"0":{"start":{"line":3,"column":4},"end":{"line":3,"column":33}},"1":{"start":{"line":5,"column":39},"end":{"line":5,"column":46}},"2":{"start":{"line":7,"column":4},"end":{"line":7,"column":17}},"3":{"start":{"line":8,"column":4},"end":{"line":8,"column":29}},"4":{"start":{"line":9,"column":4},"end":{"line":9,"column":29}},"5":{"start":{"line":13,"column":4},"end":{"line":15,"column":5}},"6":{"start":{"line":14,"column":6},"end":{"line":14,"column":67}},"7":{"start":{"line":17,"column":4},"end":{"line":19,"column":5}},"8":{"start":{"line":18,"column":6},"end":{"line":18,"column":72}},"9":{"start":{"line":23,"column":0},"end":{"line":23,"column":32}}},"fnMap":{"0":{"name":"(anonymous_0)","decl":{"start":{"line":2,"column":2},"end":{"line":2,"column":3}},"loc":{"start":{"line":2,"column":23},"end":{"line":10,"column":3}},"line":2},"1":{"name":"(anonymous_1)","decl":{"start":{"line":12,"column":2},"end":{"line":12,"column":3}},"loc":{"start":{"line":12,"column":45},"end":{"line":20,"column":3}},"line":12}},"branchMap":{"0":{"loc":{"start":{"line":13,"column":4},"end":{"line":15,"column":5}},"type":"if","locations":[{"start":{"line":13,"column":4},"end":{"line":15,"column":5}},{"start":{},"end":{}}],"line":13},"1":{"loc":{"start":{"line":13,"column":8},"end":{"line":13,"column":37}},"type":"binary-expr","locations":[{"start":{"line":13,"column":8},"end":{"line":13,"column":11}},{"start":{"line":13,"column":15},"end":{"line":13,"column":24}},{"start":{"line":13,"column":28},"end":{"line":13,"column":37}}],"line":13},"2":{"loc":{"start":{"line":17,"column":4},"end":{"line":19,"column":5}},"type":"if","locations":[{"start":{"line":17,"column":4},"end":{"line":19,"column":5}},{"start":{},"end":{}}],"line":17},"3":{"loc":{"start":{"line":17,"column":8},"end":{"line":17,"column":94}},"type":"binary-expr","locations":[{"start":{"line":17,"column":8},"end":{"line":17,"column":30}},{"start":{"line":17,"column":34},"end":{"line":17,"column":62}},{"start":{"line":17,"column":66},"end":{"line":17,"column":94}}],"line":17}},"s":{"0":13,"1":11,"2":11,"3":11,"4":11,"5":13,"6":1,"7":12,"8":1,"9":5},"f":{"0":13,"1":13},"b":{"0":[1,12],"1":[13,12,12],"2":[1,11],"3":[12,11,11]},"_coverageSchema":"1a1c01bbd47fc00a2c39e90264f33305004495a9","hash":"6cca49d920ad7f1b2b3e66e2cad2dfcff608466e"}
,"D:\\Kuliah\\IDCamp\\Expert_BE\\AuthApi-CleanArc\\src\\Infrastructures\\http\\createServer.js": {"path":"D:\\Kuliah\\IDCamp\\Expert_BE\\AuthApi-CleanArc\\src\\Infrastructures\\http\\createServer.js","statementMap":{"0":{"start":{"line":1,"column":13},"end":{"line":1,"column":34}},"1":{"start":{"line":2,"column":14},"end":{"line":2,"column":56}},"2":{"start":{"line":3,"column":24},"end":{"line":3,"column":76}},"3":{"start":{"line":4,"column":15},"end":{"line":4,"column":46}},"4":{"start":{"line":5,"column":30},"end":{"line":5,"column":87}},"5":{"start":{"line":6,"column":20},"end":{"line":6,"column":67}},"6":{"start":{"line":8,"column":21},"end":{"line":55,"column":1}},"7":{"start":{"line":9,"column":17},"end":{"line":13,"column":4}},"8":{"start":{"line":15,"column":2},"end":{"line":24,"column":5}},"9":{"start":{"line":26,"column":2},"end":{"line":53,"column":5}},"10":{"start":{"line":27,"column":25},"end":{"line":27,"column":32}},"11":{"start":{"line":29,"column":4},"end":{"line":50,"column":5}},"12":{"start":{"line":30,"column":30},"end":{"line":30,"column":71}},"13":{"start":{"line":32,"column":6},"end":{"line":39,"column":7}},"14":{"start":{"line":33,"column":28},"end":{"line":36,"column":10}},"15":{"start":{"line":37,"column":8},"end":{"line":37,"column":53}},"16":{"start":{"line":38,"column":8},"end":{"line":38,"column":27}},"17":{"start":{"line":41,"column":6},"end":{"line":43,"column":7}},"18":{"start":{"line":42,"column":8},"end":{"line":42,"column":26}},"19":{"start":{"line":44,"column":26},"end":{"line":47,"column":8}},"20":{"start":{"line":48,"column":6},"end":{"line":48,"column":28}},"21":{"start":{"line":49,"column":6},"end":{"line":49,"column":25}},"22":{"start":{"line":52,"column":4},"end":{"line":52,"column":22}},"23":{"start":{"line":54,"column":2},"end":{"line":54,"column":16}},"24":{"start":{"line":57,"column":0},"end":{"line":57,"column":30}}},"fnMap":{"0":{"name":"(anonymous_0)","decl":{"start":{"line":8,"column":21},"end":{"line":8,"column":22}},"loc":{"start":{"line":8,"column":42},"end":{"line":55,"column":1}},"line":8},"1":{"name":"(anonymous_1)","decl":{"start":{"line":26,"column":30},"end":{"line":26,"column":31}},"loc":{"start":{"line":26,"column":46},"end":{"line":53,"column":3}},"line":26}},"branchMap":{"0":{"loc":{"start":{"line":29,"column":4},"end":{"line":50,"column":5}},"type":"if","locations":[{"start":{"line":29,"column":4},"end":{"line":50,"column":5}},{"start":{},"end":{}}],"line":29},"1":{"loc":{"start":{"line":32,"column":6},"end":{"line":39,"column":7}},"type":"if","locations":[{"start":{"line":32,"column":6},"end":{"line":39,"column":7}},{"start":{},"end":{}}],"line":32},"2":{"loc":{"start":{"line":41,"column":6},"end":{"line":43,"column":7}},"type":"if","locations":[{"start":{"line":41,"column":6},"end":{"line":43,"column":7}},{"start":{},"end":{}}],"line":41}},"s":{"0":2,"1":2,"2":2,"3":2,"4":2,"5":2,"6":2,"7":19,"8":19,"9":19,"10":25,"11":25,"12":15,"13":15,"14":11,"15":11,"16":11,"17":4,"18":2,"19":2,"20":2,"21":2,"22":10,"23":19,"24":2},"f":{"0":19,"1":25},"b":{"0":[15,10],"1":[11,4],"2":[2,2]},"_coverageSchema":"1a1c01bbd47fc00a2c39e90264f33305004495a9","hash":"5af98ea36a34a47a001874a4272f4741bcc9249e"}
,"D:\\Kuliah\\IDCamp\\Expert_BE\\AuthApi-CleanArc\\src\\Infrastructures\\repository\\AuthRepositoryPostgres.js": {"path":"D:\\Kuliah\\IDCamp\\Expert_BE\\AuthApi-CleanArc\\src\\Infrastructures\\repository\\AuthRepositoryPostgres.js","statementMap":{"0":{"start":{"line":1,"column":23},"end":{"line":1,"column":67}},"1":{"start":{"line":2,"column":23},"end":{"line":2,"column":73}},"2":{"start":{"line":6,"column":4},"end":{"line":6,"column":12}},"3":{"start":{"line":7,"column":4},"end":{"line":7,"column":21}},"4":{"start":{"line":11,"column":18},"end":{"line":14,"column":5}},"5":{"start":{"line":16,"column":4},"end":{"line":16,"column":33}},"6":{"start":{"line":20,"column":18},"end":{"line":23,"column":5}},"7":{"start":{"line":25,"column":25},"end":{"line":25,"column":53}},"8":{"start":{"line":27,"column":4},"end":{"line":29,"column":5}},"9":{"start":{"line":28,"column":6},"end":{"line":28,"column":76}},"10":{"start":{"line":33,"column":18},"end":{"line":36,"column":5}},"11":{"start":{"line":38,"column":4},"end":{"line":38,"column":33}},"12":{"start":{"line":42,"column":0},"end":{"line":42,"column":40}}},"fnMap":{"0":{"name":"(anonymous_0)","decl":{"start":{"line":5,"column":2},"end":{"line":5,"column":3}},"loc":{"start":{"line":5,"column":20},"end":{"line":8,"column":3}},"line":5},"1":{"name":"(anonymous_1)","decl":{"start":{"line":10,"column":2},"end":{"line":10,"column":3}},"loc":{"start":{"line":10,"column":24},"end":{"line":17,"column":3}},"line":10},"2":{"name":"(anonymous_2)","decl":{"start":{"line":19,"column":2},"end":{"line":19,"column":3}},"loc":{"start":{"line":19,"column":34},"end":{"line":30,"column":3}},"line":19},"3":{"name":"(anonymous_3)","decl":{"start":{"line":32,"column":2},"end":{"line":32,"column":3}},"loc":{"start":{"line":32,"column":27},"end":{"line":39,"column":3}},"line":32}},"branchMap":{"0":{"loc":{"start":{"line":27,"column":4},"end":{"line":29,"column":5}},"type":"if","locations":[{"start":{"line":27,"column":4},"end":{"line":29,"column":5}},{"start":{},"end":{}}],"line":27}},"s":{"0":3,"1":3,"2":6,"3":6,"4":4,"5":4,"6":5,"7":5,"8":5,"9":2,"10":2,"11":2,"12":3},"f":{"0":6,"1":4,"2":5,"3":2},"b":{"0":[2,3]},"_coverageSchema":"1a1c01bbd47fc00a2c39e90264f33305004495a9","hash":"26b598a198334f35203146b622abd5a64b748f82"}
,"D:\\Kuliah\\IDCamp\\Expert_BE\\AuthApi-CleanArc\\src\\Infrastructures\\repository\\UserRepositoryPostgres.js": {"path":"D:\\Kuliah\\IDCamp\\Expert_BE\\AuthApi-CleanArc\\src\\Infrastructures\\repository\\UserRepositoryPostgres.js","statementMap":{"0":{"start":{"line":1,"column":23},"end":{"line":1,"column":73}},"1":{"start":{"line":2,"column":23},"end":{"line":2,"column":77}},"2":{"start":{"line":3,"column":23},"end":{"line":3,"column":68}},"3":{"start":{"line":7,"column":4},"end":{"line":7,"column":12}},"4":{"start":{"line":8,"column":4},"end":{"line":8,"column":21}},"5":{"start":{"line":9,"column":4},"end":{"line":9,"column":35}},"6":{"start":{"line":13,"column":18},"end":{"line":16,"column":5}},"7":{"start":{"line":18,"column":19},"end":{"line":18,"column":47}},"8":{"start":{"line":20,"column":4},"end":{"line":22,"column":5}},"9":{"start":{"line":21,"column":6},"end":{"line":21,"column":58}},"10":{"start":{"line":26,"column":45},"end":{"line":26,"column":57}},"11":{"start":{"line":27,"column":15},"end":{"line":27,"column":43}},"12":{"start":{"line":29,"column":18},"end":{"line":32,"column":5}},"13":{"start":{"line":34,"column":19},"end":{"line":34,"column":47}},"14":{"start":{"line":36,"column":4},"end":{"line":36,"column":53}},"15":{"start":{"line":40,"column":18},"end":{"line":43,"column":5}},"16":{"start":{"line":45,"column":19},"end":{"line":45,"column":47}},"17":{"start":{"line":47,"column":4},"end":{"line":49,"column":5}},"18":{"start":{"line":48,"column":6},"end":{"line":48,"column":59}},"19":{"start":{"line":51,"column":4},"end":{"line":51,"column":35}},"20":{"start":{"line":55,"column":18},"end":{"line":58,"column":5}},"21":{"start":{"line":60,"column":19},"end":{"line":60,"column":47}},"22":{"start":{"line":62,"column":4},"end":{"line":64,"column":5}},"23":{"start":{"line":63,"column":6},"end":{"line":63,"column":59}},"24":{"start":{"line":66,"column":4},"end":{"line":66,"column":29}},"25":{"start":{"line":70,"column":0},"end":{"line":70,"column":40}}},"fnMap":{"0":{"name":"(anonymous_0)","decl":{"start":{"line":6,"column":2},"end":{"line":6,"column":3}},"loc":{"start":{"line":6,"column":33},"end":{"line":10,"column":3}},"line":6},"1":{"name":"(anonymous_1)","decl":{"start":{"line":12,"column":2},"end":{"line":12,"column":3}},"loc":{"start":{"line":12,"column":42},"end":{"line":23,"column":3}},"line":12},"2":{"name":"(anonymous_2)","decl":{"start":{"line":25,"column":2},"end":{"line":25,"column":3}},"loc":{"start":{"line":25,"column":30},"end":{"line":37,"column":3}},"line":25},"3":{"name":"(anonymous_3)","decl":{"start":{"line":39,"column":2},"end":{"line":39,"column":3}},"loc":{"start":{"line":39,"column":40},"end":{"line":52,"column":3}},"line":39},"4":{"name":"(anonymous_4)","decl":{"start":{"line":54,"column":2},"end":{"line":54,"column":3}},"loc":{"start":{"line":54,"column":34},"end":{"line":67,"column":3}},"line":54}},"branchMap":{"0":{"loc":{"start":{"line":20,"column":4},"end":{"line":22,"column":5}},"type":"if","locations":[{"start":{"line":20,"column":4},"end":{"line":22,"column":5}},{"start":{},"end":{}}],"line":20},"1":{"loc":{"start":{"line":47,"column":4},"end":{"line":49,"column":5}},"type":"if","locations":[{"start":{"line":47,"column":4},"end":{"line":49,"column":5}},{"start":{},"end":{}}],"line":47},"2":{"loc":{"start":{"line":62,"column":4},"end":{"line":64,"column":5}},"type":"if","locations":[{"start":{"line":62,"column":4},"end":{"line":64,"column":5}},{"start":{},"end":{}}],"line":62}},"s":{"0":3,"1":3,"2":3,"3":10,"4":10,"5":10,"6":8,"7":8,"8":8,"9":2,"10":7,"11":7,"12":7,"13":7,"14":7,"15":7,"16":7,"17":7,"18":2,"19":5,"20":5,"21":5,"22":5,"23":1,"24":4,"25":3},"f":{"0":10,"1":8,"2":7,"3":7,"4":5},"b":{"0":[2,6],"1":[2,5],"2":[1,4]},"_coverageSchema":"1a1c01bbd47fc00a2c39e90264f33305004495a9","hash":"d424bb4829c8d110e15d8755f7dd15dbb1dac9bc"}
,"D:\\Kuliah\\IDCamp\\Expert_BE\\AuthApi-CleanArc\\src\\Infrastructures\\security\\BcryptPasswordHash.js": {"path":"D:\\Kuliah\\IDCamp\\Expert_BE\\AuthApi-CleanArc\\src\\Infrastructures\\security\\BcryptPasswordHash.js","statementMap":{"0":{"start":{"line":1,"column":21},"end":{"line":1,"column":64}},"1":{"start":{"line":2,"column":28},"end":{"line":2,"column":83}},"2":{"start":{"line":6,"column":4},"end":{"line":6,"column":12}},"3":{"start":{"line":7,"column":4},"end":{"line":7,"column":25}},"4":{"start":{"line":8,"column":4},"end":{"line":8,"column":31}},"5":{"start":{"line":12,"column":4},"end":{"line":12,"column":54}},"6":{"start":{"line":16,"column":19},"end":{"line":16,"column":78}},"7":{"start":{"line":18,"column":4},"end":{"line":20,"column":5}},"8":{"start":{"line":19,"column":6},"end":{"line":19,"column":73}},"9":{"start":{"line":24,"column":0},"end":{"line":24,"column":36}}},"fnMap":{"0":{"name":"(anonymous_0)","decl":{"start":{"line":5,"column":2},"end":{"line":5,"column":3}},"loc":{"start":{"line":5,"column":38},"end":{"line":9,"column":3}},"line":5},"1":{"name":"(anonymous_1)","decl":{"start":{"line":11,"column":2},"end":{"line":11,"column":3}},"loc":{"start":{"line":11,"column":23},"end":{"line":13,"column":3}},"line":11},"2":{"name":"(anonymous_2)","decl":{"start":{"line":15,"column":2},"end":{"line":15,"column":3}},"loc":{"start":{"line":15,"column":50},"end":{"line":21,"column":3}},"line":15}},"branchMap":{"0":{"loc":{"start":{"line":5,"column":22},"end":{"line":5,"column":36}},"type":"default-arg","locations":[{"start":{"line":5,"column":34},"end":{"line":5,"column":36}}],"line":5},"1":{"loc":{"start":{"line":18,"column":4},"end":{"line":20,"column":5}},"type":"if","locations":[{"start":{"line":18,"column":4},"end":{"line":20,"column":5}},{"start":{},"end":{}}],"line":18}},"s":{"0":3,"1":3,"2":5,"3":5,"4":5,"5":7,"6":6,"7":6,"8":2,"9":3},"f":{"0":5,"1":7,"2":6},"b":{"0":[5],"1":[2,4]},"_coverageSchema":"1a1c01bbd47fc00a2c39e90264f33305004495a9","hash":"bd68c30ff06232de01e4e1052af594488e28bc4c"}
,"D:\\Kuliah\\IDCamp\\Expert_BE\\AuthApi-CleanArc\\src\\Infrastructures\\security\\JwtTokenManager.js": {"path":"D:\\Kuliah\\IDCamp\\Expert_BE\\AuthApi-CleanArc\\src\\Infrastructures\\security\\JwtTokenManager.js","statementMap":{"0":{"start":{"line":1,"column":12},"end":{"line":1,"column":32}},"1":{"start":{"line":2,"column":21},"end":{"line":2,"column":69}},"2":{"start":{"line":3,"column":23},"end":{"line":3,"column":73}},"3":{"start":{"line":4,"column":28},"end":{"line":4,"column":83}},"4":{"start":{"line":8,"column":4},"end":{"line":8,"column":12}},"5":{"start":{"line":9,"column":4},"end":{"line":9,"column":29}},"6":{"start":{"line":13,"column":4},"end":{"line":13,"column":73}},"7":{"start":{"line":17,"column":4},"end":{"line":17,"column":74}},"8":{"start":{"line":21,"column":4},"end":{"line":26,"column":5}},"9":{"start":{"line":22,"column":24},"end":{"line":22,"column":51}},"10":{"start":{"line":23,"column":6},"end":{"line":23,"column":77}},"11":{"start":{"line":25,"column":6},"end":{"line":25,"column":57}},"12":{"start":{"line":30,"column":4},"end":{"line":35,"column":5}},"13":{"start":{"line":31,"column":24},"end":{"line":31,"column":51}},"14":{"start":{"line":32,"column":6},"end":{"line":32,"column":78}},"15":{"start":{"line":34,"column":6},"end":{"line":34,"column":60}},"16":{"start":{"line":39,"column":4},"end":{"line":39,"column":83}},"17":{"start":{"line":39,"column":17},"end":{"line":39,"column":83}},"18":{"start":{"line":41,"column":18},"end":{"line":41,"column":35}},"19":{"start":{"line":42,"column":4},"end":{"line":44,"column":5}},"20":{"start":{"line":43,"column":6},"end":{"line":43,"column":68}},"21":{"start":{"line":46,"column":4},"end":{"line":46,"column":20}},"22":{"start":{"line":50,"column":4},"end":{"line":56,"column":5}},"23":{"start":{"line":51,"column":24},"end":{"line":51,"column":51}},"24":{"start":{"line":52,"column":26},"end":{"line":52,"column":43}},"25":{"start":{"line":53,"column":6},"end":{"line":53,"column":21}},"26":{"start":{"line":55,"column":6},"end":{"line":55,"column":50}},"27":{"start":{"line":60,"column":0},"end":{"line":60,"column":33}}},"fnMap":{"0":{"name":"(anonymous_0)","decl":{"start":{"line":7,"column":2},"end":{"line":7,"column":3}},"loc":{"start":{"line":7,"column":24},"end":{"line":10,"column":3}},"line":7},"1":{"name":"(anonymous_1)","decl":{"start":{"line":12,"column":2},"end":{"line":12,"column":3}},"loc":{"start":{"line":12,"column":37},"end":{"line":14,"column":3}},"line":12},"2":{"name":"(anonymous_2)","decl":{"start":{"line":16,"column":2},"end":{"line":16,"column":3}},"loc":{"start":{"line":16,"column":38},"end":{"line":18,"column":3}},"line":16},"3":{"name":"(anonymous_3)","decl":{"start":{"line":20,"column":2},"end":{"line":20,"column":3}},"loc":{"start":{"line":20,"column":33},"end":{"line":27,"column":3}},"line":20},"4":{"name":"(anonymous_4)","decl":{"start":{"line":29,"column":2},"end":{"line":29,"column":3}},"loc":{"start":{"line":29,"column":34},"end":{"line":36,"column":3}},"line":29},"5":{"name":"(anonymous_5)","decl":{"start":{"line":38,"column":2},"end":{"line":38,"column":3}},"loc":{"start":{"line":38,"column":39},"end":{"line":47,"column":3}},"line":38},"6":{"name":"(anonymous_6)","decl":{"start":{"line":49,"column":2},"end":{"line":49,"column":3}},"loc":{"start":{"line":49,"column":31},"end":{"line":57,"column":3}},"line":49}},"branchMap":{"0":{"loc":{"start":{"line":39,"column":4},"end":{"line":39,"column":83}},"type":"if","locations":[{"start":{"line":39,"column":4},"end":{"line":39,"column":83}},{"start":{},"end":{}}],"line":39},"1":{"loc":{"start":{"line":42,"column":4},"end":{"line":44,"column":5}},"type":"if","locations":[{"start":{"line":42,"column":4},"end":{"line":44,"column":5}},{"start":{},"end":{}}],"line":42},"2":{"loc":{"start":{"line":42,"column":8},"end":{"line":42,"column":42}},"type":"binary-expr","locations":[{"start":{"line":42,"column":8},"end":{"line":42,"column":29}},{"start":{"line":42,"column":33},"end":{"line":42,"column":42}}],"line":42}},"s":{"0":3,"1":3,"2":3,"3":3,"4":13,"5":13,"6":7,"7":5,"8":2,"9":2,"10":1,"11":1,"12":5,"13":5,"14":3,"15":2,"16":3,"17":1,"18":2,"19":2,"20":1,"21":1,"22":3,"23":3,"24":2,"25":2,"26":1,"27":3},"f":{"0":13,"1":7,"2":5,"3":2,"4":5,"5":3,"6":3},"b":{"0":[1,2],"1":[1,1],"2":[2,1]},"_coverageSchema":"1a1c01bbd47fc00a2c39e90264f33305004495a9","hash":"8da4b8eb778abe3404f5d5a45ca16ed3abdfaa1e"}
,"D:\\Kuliah\\IDCamp\\Expert_BE\\AuthApi-CleanArc\\src\\Interfaces\\http\\api\\authentications\\handler.js": {"path":"D:\\Kuliah\\IDCamp\\Expert_BE\\AuthApi-CleanArc\\src\\Interfaces\\http\\api\\authentications\\handler.js","statementMap":{"0":{"start":{"line":1,"column":25},"end":{"line":1,"column":78}},"1":{"start":{"line":2,"column":37},"end":{"line":2,"column":102}},"2":{"start":{"line":3,"column":26},"end":{"line":3,"column":80}},"3":{"start":{"line":7,"column":4},"end":{"line":7,"column":31}},"4":{"start":{"line":8,"column":4},"end":{"line":8,"column":79}},"5":{"start":{"line":9,"column":4},"end":{"line":9,"column":77}},"6":{"start":{"line":10,"column":4},"end":{"line":10,"column":83}},"7":{"start":{"line":14,"column":29},"end":{"line":14,"column":78}},"8":{"start":{"line":15,"column":42},"end":{"line":15,"column":89}},"9":{"start":{"line":17,"column":21},"end":{"line":23,"column":6}},"10":{"start":{"line":24,"column":4},"end":{"line":24,"column":23}},"11":{"start":{"line":25,"column":4},"end":{"line":25,"column":20}},"12":{"start":{"line":29,"column":41},"end":{"line":31,"column":5}},"13":{"start":{"line":33,"column":24},"end":{"line":34,"column":31}},"14":{"start":{"line":36,"column":21},"end":{"line":41,"column":6}},"15":{"start":{"line":42,"column":4},"end":{"line":42,"column":20}},"16":{"start":{"line":46,"column":30},"end":{"line":48,"column":5}},"17":{"start":{"line":49,"column":4},"end":{"line":49,"column":53}},"18":{"start":{"line":50,"column":21},"end":{"line":53,"column":6}},"19":{"start":{"line":54,"column":4},"end":{"line":54,"column":20}},"20":{"start":{"line":58,"column":0},"end":{"line":58,"column":40}}},"fnMap":{"0":{"name":"(anonymous_0)","decl":{"start":{"line":6,"column":2},"end":{"line":6,"column":3}},"loc":{"start":{"line":6,"column":25},"end":{"line":11,"column":3}},"line":6},"1":{"name":"(anonymous_1)","decl":{"start":{"line":13,"column":2},"end":{"line":13,"column":3}},"loc":{"start":{"line":13,"column":46},"end":{"line":26,"column":3}},"line":13},"2":{"name":"(anonymous_2)","decl":{"start":{"line":28,"column":2},"end":{"line":28,"column":3}},"loc":{"start":{"line":28,"column":45},"end":{"line":43,"column":3}},"line":28},"3":{"name":"(anonymous_3)","decl":{"start":{"line":45,"column":2},"end":{"line":45,"column":3}},"loc":{"start":{"line":45,"column":48},"end":{"line":55,"column":3}},"line":45}},"branchMap":{},"s":{"0":2,"1":2,"2":2,"3":19,"4":19,"5":19,"6":19,"7":8,"8":7,"9":3,"10":3,"11":3,"12":2,"13":2,"14":1,"15":1,"16":2,"17":2,"18":1,"19":1,"20":2},"f":{"0":19,"1":8,"2":2,"3":2},"b":{},"_coverageSchema":"1a1c01bbd47fc00a2c39e90264f33305004495a9","hash":"8a0640c72651aca63ea901dc337efc67fbc989e2"}
,"D:\\Kuliah\\IDCamp\\Expert_BE\\AuthApi-CleanArc\\src\\Interfaces\\http\\api\\authentications\\index.js": {"path":"D:\\Kuliah\\IDCamp\\Expert_BE\\AuthApi-CleanArc\\src\\Interfaces\\http\\api\\authentications\\index.js","statementMap":{"0":{"start":{"line":1,"column":31},"end":{"line":1,"column":51}},"1":{"start":{"line":2,"column":15},"end":{"line":2,"column":34}},"2":{"start":{"line":4,"column":0},"end":{"line":10,"column":2}},"3":{"start":{"line":7,"column":35},"end":{"line":7,"column":72}},"4":{"start":{"line":8,"column":4},"end":{"line":8,"column":49}}},"fnMap":{"0":{"name":"(anonymous_0)","decl":{"start":{"line":6,"column":12},"end":{"line":6,"column":13}},"loc":{"start":{"line":6,"column":45},"end":{"line":9,"column":3}},"line":6}},"branchMap":{},"s":{"0":2,"1":2,"2":2,"3":19,"4":19},"f":{"0":19},"b":{},"_coverageSchema":"1a1c01bbd47fc00a2c39e90264f33305004495a9","hash":"c86e17949976399723b97501044fbb4df3f981d0"}
,"D:\\Kuliah\\IDCamp\\Expert_BE\\AuthApi-CleanArc\\src\\Interfaces\\http\\api\\authentications\\routes.js": {"path":"D:\\Kuliah\\IDCamp\\Expert_BE\\AuthApi-CleanArc\\src\\Interfaces\\http\\api\\authentications\\routes.js","statementMap":{"0":{"start":{"line":1,"column":15},"end":{"line":17,"column":2}},"1":{"start":{"line":1,"column":29},"end":{"line":17,"column":1}},"2":{"start":{"line":19,"column":0},"end":{"line":19,"column":24}}},"fnMap":{"0":{"name":"(anonymous_0)","decl":{"start":{"line":1,"column":15},"end":{"line":1,"column":16}},"loc":{"start":{"line":1,"column":29},"end":{"line":17,"column":1}},"line":1}},"branchMap":{},"s":{"0":2,"1":19,"2":2},"f":{"0":19},"b":{},"_coverageSchema":"1a1c01bbd47fc00a2c39e90264f33305004495a9","hash":"781ccfdd0ae24e9311ae5a2a1b6b311e28e28b51"}
,"D:\\Kuliah\\IDCamp\\Expert_BE\\AuthApi-CleanArc\\src\\Interfaces\\http\\api\\users\\handler.js": {"path":"D:\\Kuliah\\IDCamp\\Expert_BE\\AuthApi-CleanArc\\src\\Interfaces\\http\\api\\users\\handler.js","statementMap":{"0":{"start":{"line":1,"column":23},"end":{"line":1,"column":74}},"1":{"start":{"line":5,"column":4},"end":{"line":5,"column":31}},"2":{"start":{"line":6,"column":4},"end":{"line":6,"column":59}},"3":{"start":{"line":10,"column":27},"end":{"line":10,"column":74}},"4":{"start":{"line":11,"column":22},"end":{"line":11,"column":67}},"5":{"start":{"line":13,"column":21},"end":{"line":18,"column":6}},"6":{"start":{"line":19,"column":4},"end":{"line":19,"column":23}},"7":{"start":{"line":20,"column":4},"end":{"line":20,"column":20}},"8":{"start":{"line":24,"column":0},"end":{"line":24,"column":30}}},"fnMap":{"0":{"name":"(anonymous_0)","decl":{"start":{"line":4,"column":2},"end":{"line":4,"column":3}},"loc":{"start":{"line":4,"column":25},"end":{"line":7,"column":3}},"line":4},"1":{"name":"(anonymous_1)","decl":{"start":{"line":9,"column":2},"end":{"line":9,"column":3}},"loc":{"start":{"line":9,"column":36},"end":{"line":21,"column":3}},"line":9}},"branchMap":{},"s":{"0":2,"1":19,"2":19,"3":11,"4":10,"5":5,"6":5,"7":5,"8":2},"f":{"0":19,"1":11},"b":{},"_coverageSchema":"1a1c01bbd47fc00a2c39e90264f33305004495a9","hash":"be456baef0e7339b8949bb35540fa100f48b01fd"}
,"D:\\Kuliah\\IDCamp\\Expert_BE\\AuthApi-CleanArc\\src\\Interfaces\\http\\api\\users\\index.js": {"path":"D:\\Kuliah\\IDCamp\\Expert_BE\\AuthApi-CleanArc\\src\\Interfaces\\http\\api\\users\\index.js","statementMap":{"0":{"start":{"line":1,"column":21},"end":{"line":1,"column":41}},"1":{"start":{"line":2,"column":15},"end":{"line":2,"column":34}},"2":{"start":{"line":4,"column":0},"end":{"line":10,"column":2}},"3":{"start":{"line":7,"column":25},"end":{"line":7,"column":52}},"4":{"start":{"line":8,"column":4},"end":{"line":8,"column":39}}},"fnMap":{"0":{"name":"(anonymous_0)","decl":{"start":{"line":6,"column":12},"end":{"line":6,"column":13}},"loc":{"start":{"line":6,"column":45},"end":{"line":9,"column":3}},"line":6}},"branchMap":{},"s":{"0":2,"1":2,"2":2,"3":19,"4":19},"f":{"0":19},"b":{},"_coverageSchema":"1a1c01bbd47fc00a2c39e90264f33305004495a9","hash":"c3f57f48efe030db722c6ad12bff456a4ec58110"}
,"D:\\Kuliah\\IDCamp\\Expert_BE\\AuthApi-CleanArc\\src\\Interfaces\\http\\api\\users\\routes.js": {"path":"D:\\Kuliah\\IDCamp\\Expert_BE\\AuthApi-CleanArc\\src\\Interfaces\\http\\api\\users\\routes.js","statementMap":{"0":{"start":{"line":1,"column":15},"end":{"line":7,"column":2}},"1":{"start":{"line":1,"column":29},"end":{"line":7,"column":1}},"2":{"start":{"line":9,"column":0},"end":{"line":9,"column":24}}},"fnMap":{"0":{"name":"(anonymous_0)","decl":{"start":{"line":1,"column":15},"end":{"line":1,"column":16}},"loc":{"start":{"line":1,"column":29},"end":{"line":7,"column":1}},"line":1}},"branchMap":{},"s":{"0":2,"1":19,"2":2},"f":{"0":19},"b":{},"_coverageSchema":"1a1c01bbd47fc00a2c39e90264f33305004495a9","hash":"fb7c9bc2e8f83e769ba39dcaae2c01c2c6b2b537"}
,"D:\\Kuliah\\IDCamp\\Expert_BE\\AuthApi-CleanArc\\tests\\AuthenticationsTableTestHelper.js": {"path":"D:\\Kuliah\\IDCamp\\Expert_BE\\AuthApi-CleanArc\\tests\\AuthenticationsTableTestHelper.js","statementMap":{"0":{"start":{"line":2,"column":13},"end":{"line":2,"column":69}},"1":{"start":{"line":4,"column":39},"end":{"line":26,"column":1}},"2":{"start":{"line":6,"column":18},"end":{"line":9,"column":5}},"3":{"start":{"line":10,"column":4},"end":{"line":10,"column":28}},"4":{"start":{"line":14,"column":18},"end":{"line":17,"column":5}},"5":{"start":{"line":19,"column":19},"end":{"line":19,"column":42}},"6":{"start":{"line":21,"column":4},"end":{"line":21,"column":23}},"7":{"start":{"line":24,"column":4},"end":{"line":24,"column":63}},"8":{"start":{"line":28,"column":0},"end":{"line":28,"column":48}}},"fnMap":{"0":{"name":"(anonymous_0)","decl":{"start":{"line":5,"column":2},"end":{"line":5,"column":3}},"loc":{"start":{"line":5,"column":24},"end":{"line":11,"column":3}},"line":5},"1":{"name":"(anonymous_1)","decl":{"start":{"line":13,"column":2},"end":{"line":13,"column":3}},"loc":{"start":{"line":13,"column":25},"end":{"line":22,"column":3}},"line":13},"2":{"name":"(anonymous_2)","decl":{"start":{"line":23,"column":2},"end":{"line":23,"column":3}},"loc":{"start":{"line":23,"column":21},"end":{"line":25,"column":3}},"line":23}},"branchMap":{},"s":{"0":2,"1":2,"2":2,"3":2,"4":2,"5":2,"6":2,"7":16,"8":2},"f":{"0":2,"1":2,"2":16},"b":{},"_coverageSchema":"1a1c01bbd47fc00a2c39e90264f33305004495a9","hash":"857dd292394e082c83e183adac87e241a1b3bd7a"}
,"D:\\Kuliah\\IDCamp\\Expert_BE\\AuthApi-CleanArc\\tests\\UsersTableTestHelper.js": {"path":"D:\\Kuliah\\IDCamp\\Expert_BE\\AuthApi-CleanArc\\tests\\UsersTableTestHelper.js","statementMap":{"0":{"start":{"line":2,"column":13},"end":{"line":2,"column":69}},"1":{"start":{"line":4,"column":29},"end":{"line":29,"column":1}},"2":{"start":{"line":8,"column":18},"end":{"line":11,"column":5}},"3":{"start":{"line":13,"column":4},"end":{"line":13,"column":28}},"4":{"start":{"line":17,"column":18},"end":{"line":20,"column":5}},"5":{"start":{"line":22,"column":19},"end":{"line":22,"column":42}},"6":{"start":{"line":23,"column":4},"end":{"line":23,"column":23}},"7":{"start":{"line":27,"column":4},"end":{"line":27,"column":53}},"8":{"start":{"line":31,"column":0},"end":{"line":31,"column":38}}},"fnMap":{"0":{"name":"(anonymous_0)","decl":{"start":{"line":5,"column":2},"end":{"line":5,"column":3}},"loc":{"start":{"line":7,"column":5},"end":{"line":14,"column":3}},"line":7},"1":{"name":"(anonymous_1)","decl":{"start":{"line":16,"column":2},"end":{"line":16,"column":3}},"loc":{"start":{"line":16,"column":26},"end":{"line":24,"column":3}},"line":16},"2":{"name":"(anonymous_2)","decl":{"start":{"line":26,"column":2},"end":{"line":26,"column":3}},"loc":{"start":{"line":26,"column":21},"end":{"line":28,"column":3}},"line":26}},"branchMap":{"0":{"loc":{"start":{"line":6,"column":4},"end":{"line":6,"column":19}},"type":"default-arg","locations":[{"start":{"line":6,"column":9},"end":{"line":6,"column":19}}],"line":6},"1":{"loc":{"start":{"line":6,"column":21},"end":{"line":6,"column":42}},"type":"default-arg","locations":[{"start":{"line":6,"column":32},"end":{"line":6,"column":42}}],"line":6},"2":{"loc":{"start":{"line":6,"column":44},"end":{"line":6,"column":72}},"type":"default-arg","locations":[{"start":{"line":6,"column":55},"end":{"line":6,"column":72}}],"line":6},"3":{"loc":{"start":{"line":6,"column":74},"end":{"line":6,"column":105}},"type":"default-arg","locations":[{"start":{"line":6,"column":85},"end":{"line":6,"column":105}}],"line":6}},"s":{"0":3,"1":3,"2":4,"3":4,"4":1,"5":1,"6":1,"7":27,"8":3},"f":{"0":4,"1":1,"2":27},"b":{"0":[4],"1":[0],"2":[2],"3":[4]},"_coverageSchema":"1a1c01bbd47fc00a2c39e90264f33305004495a9","hash":"ffa5bb5ef38816f2b98a7c442ca9b9ee4428f462"}
}
