TN:
SF:src\Apps\security\PasswordHash.js
FN:2,(anonymous_0)
FN:6,(anonymous_1)
FNF:2
FNH:2
FNDA:1,(anonymous_0)
FNDA:1,(anonymous_1)
DA:3,1
DA:7,1
DA:11,6
LF:3
LH:3
BRF:0
BRH:0
end_of_record
TN:
SF:src\Apps\security\auth\TokenManager.js
FN:2,(anonymous_0)
FN:6,(anonymous_1)
FN:10,(anonymous_2)
FN:14,(anonymous_3)
FN:18,(anonymous_4)
FN:22,(anonymous_5)
FNF:6
FNH:6
FNDA:1,(anonymous_0)
FNDA:1,(anonymous_1)
FNDA:1,(anonymous_2)
FNDA:1,(anonymous_3)
FNDA:1,(anonymous_4)
FNDA:1,(anonymous_5)
DA:3,1
DA:7,1
DA:11,1
DA:15,1
DA:19,1
DA:23,1
DA:27,7
LF:7
LH:7
BRF:0
BRH:0
end_of_record
TN:
SF:src\Apps\use_case\AddUserUseCase.js
FN:4,(anonymous_0)
FN:9,(anonymous_1)
FNF:2
FNH:2
FNDA:3,(anonymous_0)
FNDA:11,(anonymous_1)
DA:1,3
DA:5,3
DA:6,3
DA:10,11
DA:11,7
DA:12,6
DA:13,6
DA:17,3
LF:8
LH:8
BRF:0
BRH:0
end_of_record
TN:
SF:src\Apps\use_case\LoginUserUseCase.js
FN:5,(anonymous_0)
FN:14,(anonymous_1)
FNF:2
FNH:2
FNDA:2,(anonymous_0)
FNDA:8,(anonymous_1)
DA:1,3
DA:2,3
DA:8,2
DA:9,2
DA:10,2
DA:11,2
DA:15,8
DA:16,6
DA:17,5
DA:18,4
DA:20,4
DA:21,4
DA:23,4
DA:25,4
DA:32,3
LF:15
LH:15
BRF:0
BRH:0
end_of_record
TN:
SF:src\Apps\use_case\LogoutUserUseCase.js
FN:4,(anonymous_0)
FN:9,(anonymous_1)
FN:19,(anonymous_2)
FNF:3
FNH:3
FNDA:4,(anonymous_0)
FNDA:5,(anonymous_1)
FNDA:5,(anonymous_2)
DA:1,3
DA:5,4
DA:6,4
DA:10,5
DA:12,3
DA:14,3
DA:15,2
DA:16,2
DA:20,5
DA:21,5
DA:22,4
DA:26,3
LF:12
LH:12
BRDA:21,0,0,1
BRDA:21,0,1,4
BRDA:22,1,0,1
BRDA:22,1,1,3
BRF:4
BRH:4
end_of_record
TN:
SF:src\Apps\use_case\RefreshAuthenticationUseCase.js
FN:4,(anonymous_0)
FN:9,(anonymous_1)
FN:22,(anonymous_2)
FNF:3
FNH:3
FNDA:4,(anonymous_0)
FNDA:5,(anonymous_1)
FNDA:5,(anonymous_2)
DA:1,3
DA:5,4
DA:6,4
DA:10,5
DA:12,3
DA:14,3
DA:15,2
DA:16,2
DA:17,2
DA:19,2
DA:23,5
DA:24,5
DA:25,4
DA:29,3
LF:14
LH:14
BRDA:24,0,0,1
BRDA:24,0,1,4
BRDA:25,1,0,1
BRDA:25,1,1,3
BRF:4
BRH:4
end_of_record
TN:
SF:src\Commons\config.js
FNF:0
FNH:0
DA:1,4
DA:2,4
DA:3,4
DA:5,4
DA:6,4
DA:10,0
DA:13,4
DA:28,4
LF:8
LH:7
BRDA:5,0,0,4
BRDA:5,0,1,0
BRDA:15,1,0,4
BRDA:15,1,1,0
BRDA:17,2,0,0
BRDA:17,2,1,4
BRF:6
BRH:3
end_of_record
TN:
SF:src\Commons\exceptions\AuthenticationError.js
FN:4,(anonymous_0)
FNF:1
FNH:1
FNDA:5,(anonymous_0)
DA:1,5
DA:5,5
DA:6,5
DA:10,5
LF:4
LH:4
BRF:0
BRH:0
end_of_record
TN:
SF:src\Commons\exceptions\ClientError.js
FN:2,(anonymous_0)
FNF:1
FNH:1
FNDA:55,(anonymous_0)
DA:3,55
DA:5,55
DA:6,1
DA:9,54
DA:10,54
DA:14,13
LF:6
LH:6
BRDA:2,0,0,49
BRDA:5,1,0,1
BRDA:5,1,1,54
BRF:3
BRH:3
end_of_record
TN:
SF:src\Commons\exceptions\DomainErrorTranslator.js
FN:4,(anonymous_0)
FNF:1
FNH:1
FNDA:24,(anonymous_0)
DA:1,3
DA:3,3
DA:5,24
DA:9,3
DA:20,3
LF:5
LH:5
BRDA:5,0,0,24
BRDA:5,0,1,10
BRF:2
BRH:2
end_of_record
TN:
SF:src\Commons\exceptions\InvariantError.js
FN:4,(anonymous_0)
FNF:1
FNH:1
FNDA:48,(anonymous_0)
DA:1,9
DA:5,48
DA:6,48
DA:10,9
LF:4
LH:4
BRF:0
BRH:0
end_of_record
TN:
SF:src\Commons\exceptions\NotFoundError.js
FN:4,(anonymous_0)
FNF:1
FNH:1
FNDA:1,(anonymous_0)
DA:1,1
DA:5,1
DA:6,1
DA:10,1
LF:4
LH:4
BRF:0
BRH:0
end_of_record
TN:
SF:src\Domains\auth\AuthRepository.js
FN:2,(anonymous_0)
FN:6,(anonymous_1)
FN:10,(anonymous_2)
FNF:3
FNH:3
FNDA:1,(anonymous_0)
FNDA:1,(anonymous_1)
FNDA:1,(anonymous_2)
DA:3,1
DA:7,1
DA:11,1
DA:15,7
LF:4
LH:4
BRF:0
BRH:0
end_of_record
TN:
SF:src\Domains\auth\entities\AuthUser.js
FN:2,(anonymous_0)
FN:9,(anonymous_1)
FNF:2
FNH:2
FNDA:7,(anonymous_0)
FNDA:7,(anonymous_1)
DA:3,7
DA:5,7
DA:6,7
DA:10,7
DA:11,0
DA:14,7
DA:15,0
DA:20,4
LF:8
LH:6
BRDA:10,0,0,0
BRDA:10,0,1,7
BRDA:10,1,0,7
BRDA:10,1,1,7
BRDA:14,2,0,0
BRDA:14,2,1,7
BRDA:14,3,0,7
BRDA:14,3,1,7
BRF:8
BRH:6
end_of_record
TN:
SF:src\Domains\users\UserRepository.js
FN:2,(anonymous_0)
FN:6,(anonymous_1)
FN:10,(anonymous_2)
FN:14,(anonymous_3)
FNF:4
FNH:4
FNDA:1,(anonymous_0)
FNDA:1,(anonymous_1)
FNDA:1,(anonymous_2)
FNDA:1,(anonymous_3)
DA:3,1
DA:7,1
DA:11,1
DA:15,1
DA:19,6
LF:5
LH:5
BRF:0
BRH:0
end_of_record
TN:
SF:src\Domains\users\entities\LoginUser.js
FN:2,(anonymous_0)
FN:11,(anonymous_1)
FNF:2
FNH:2
FNDA:9,(anonymous_0)
FNDA:9,(anonymous_1)
DA:3,9
DA:5,9
DA:7,7
DA:8,7
DA:12,9
DA:13,1
DA:16,8
DA:17,1
DA:22,4
LF:9
LH:9
BRDA:12,0,0,1
BRDA:12,0,1,8
BRDA:12,1,0,9
BRDA:12,1,1,9
BRDA:16,2,0,1
BRDA:16,2,1,7
BRDA:16,3,0,8
BRDA:16,3,1,8
BRF:8
BRH:8
end_of_record
TN:
SF:src\Domains\users\entities\RegisterUser.js
FN:2,(anonymous_0)
FNF:1
FNH:1
FNDA:19,(anonymous_0)
DA:3,19
DA:4,2
DA:7,17
DA:8,2
DA:11,15
DA:12,2
DA:15,13
DA:16,2
DA:19,11
DA:20,11
DA:21,11
DA:25,5
LF:12
LH:12
BRDA:3,0,0,2
BRDA:3,0,1,17
BRDA:3,1,0,19
BRDA:3,1,1,18
BRDA:3,1,2,18
BRDA:7,2,0,2
BRDA:7,2,1,15
BRDA:7,3,0,17
BRDA:7,3,1,16
BRDA:7,3,2,16
BRDA:11,4,0,2
BRDA:11,4,1,13
BRDA:15,5,0,2
BRDA:15,5,1,11
BRF:14
BRH:14
end_of_record
TN:
SF:src\Domains\users\entities\RegisteredUser.js
FN:2,(anonymous_0)
FN:12,(anonymous_1)
FNF:2
FNH:2
FNDA:13,(anonymous_0)
FNDA:13,(anonymous_1)
DA:3,13
DA:5,11
DA:7,11
DA:8,11
DA:9,11
DA:13,13
DA:14,1
DA:17,12
DA:18,1
DA:23,5
LF:10
LH:10
BRDA:13,0,0,1
BRDA:13,0,1,12
BRDA:13,1,0,13
BRDA:13,1,1,12
BRDA:13,1,2,12
BRDA:17,2,0,1
BRDA:17,2,1,11
BRDA:17,3,0,12
BRDA:17,3,1,11
BRDA:17,3,2,11
BRF:10
BRH:10
end_of_record
TN:
SF:src\Infrastructures\http\createServer.js
FN:8,(anonymous_0)
FN:26,(anonymous_1)
FNF:2
FNH:2
FNDA:19,(anonymous_0)
FNDA:25,(anonymous_1)
DA:1,2
DA:2,2
DA:3,2
DA:4,2
DA:5,2
DA:6,2
DA:8,2
DA:9,19
DA:15,19
DA:26,19
DA:27,25
DA:29,25
DA:30,15
DA:32,15
DA:33,11
DA:37,11
DA:38,11
DA:41,4
DA:42,2
DA:44,2
DA:48,2
DA:49,2
DA:52,10
DA:54,19
DA:57,2
LF:25
LH:25
BRDA:29,0,0,15
BRDA:29,0,1,10
BRDA:32,1,0,11
BRDA:32,1,1,4
BRDA:41,2,0,2
BRDA:41,2,1,2
BRF:6
BRH:6
end_of_record
TN:
SF:src\Infrastructures\repository\AuthRepositoryPostgres.js
FN:5,(anonymous_0)
FN:10,(anonymous_1)
FN:19,(anonymous_2)
FN:32,(anonymous_3)
FNF:4
FNH:4
FNDA:6,(anonymous_0)
FNDA:4,(anonymous_1)
FNDA:5,(anonymous_2)
FNDA:2,(anonymous_3)
DA:1,3
DA:2,3
DA:6,6
DA:7,6
DA:11,4
DA:16,4
DA:20,5
DA:25,5
DA:27,5
DA:28,2
DA:33,2
DA:38,2
DA:42,3
LF:13
LH:13
BRDA:27,0,0,2
BRDA:27,0,1,3
BRF:2
BRH:2
end_of_record
TN:
SF:src\Infrastructures\repository\UserRepositoryPostgres.js
FN:6,(anonymous_0)
FN:12,(anonymous_1)
FN:25,(anonymous_2)
FN:39,(anonymous_3)
FN:54,(anonymous_4)
FNF:5
FNH:5
FNDA:10,(anonymous_0)
FNDA:8,(anonymous_1)
FNDA:7,(anonymous_2)
FNDA:7,(anonymous_3)
FNDA:5,(anonymous_4)
DA:1,3
DA:2,3
DA:3,3
DA:7,10
DA:8,10
DA:9,10
DA:13,8
DA:18,8
DA:20,8
DA:21,2
DA:26,7
DA:27,7
DA:29,7
DA:34,7
DA:36,7
DA:40,7
DA:45,7
DA:47,7
DA:48,2
DA:51,5
DA:55,5
DA:60,5
DA:62,5
DA:63,1
DA:66,4
DA:70,3
LF:26
LH:26
BRDA:20,0,0,2
BRDA:20,0,1,6
BRDA:47,1,0,2
BRDA:47,1,1,5
BRDA:62,2,0,1
BRDA:62,2,1,4
BRF:6
BRH:6
end_of_record
TN:
SF:src\Infrastructures\security\BcryptPasswordHash.js
FN:5,(anonymous_0)
FN:11,(anonymous_1)
FN:15,(anonymous_2)
FNF:3
FNH:3
FNDA:5,(anonymous_0)
FNDA:7,(anonymous_1)
FNDA:6,(anonymous_2)
DA:1,3
DA:2,3
DA:6,5
DA:7,5
DA:8,5
DA:12,7
DA:16,6
DA:18,6
DA:19,2
DA:24,3
LF:10
LH:10
BRDA:5,0,0,5
BRDA:18,1,0,2
BRDA:18,1,1,4
BRF:3
BRH:3
end_of_record
TN:
SF:src\Infrastructures\security\JwtTokenManager.js
FN:7,(anonymous_0)
FN:12,(anonymous_1)
FN:16,(anonymous_2)
FN:20,(anonymous_3)
FN:29,(anonymous_4)
FN:38,(anonymous_5)
FN:49,(anonymous_6)
FNF:7
FNH:7
FNDA:13,(anonymous_0)
FNDA:7,(anonymous_1)
FNDA:5,(anonymous_2)
FNDA:2,(anonymous_3)
FNDA:5,(anonymous_4)
FNDA:3,(anonymous_5)
FNDA:3,(anonymous_6)
DA:1,3
DA:2,3
DA:3,3
DA:4,3
DA:8,13
DA:9,13
DA:13,7
DA:17,5
DA:21,2
DA:22,2
DA:23,1
DA:25,1
DA:30,5
DA:31,5
DA:32,3
DA:34,2
DA:39,3
DA:41,2
DA:42,2
DA:43,1
DA:46,1
DA:50,3
DA:51,3
DA:52,2
DA:53,2
DA:55,1
DA:60,3
LF:27
LH:27
BRDA:39,0,0,1
BRDA:39,0,1,2
BRDA:42,1,0,1
BRDA:42,1,1,1
BRDA:42,2,0,2
BRDA:42,2,1,1
BRF:6
BRH:6
end_of_record
TN:
SF:src\Interfaces\http\api\authentications\handler.js
FN:6,(anonymous_0)
FN:13,(anonymous_1)
FN:28,(anonymous_2)
FN:45,(anonymous_3)
FNF:4
FNH:4
FNDA:19,(anonymous_0)
FNDA:8,(anonymous_1)
FNDA:2,(anonymous_2)
FNDA:2,(anonymous_3)
DA:1,2
DA:2,2
DA:3,2
DA:7,19
DA:8,19
DA:9,19
DA:10,19
DA:14,8
DA:15,7
DA:17,3
DA:24,3
DA:25,3
DA:29,2
DA:33,2
DA:36,1
DA:42,1
DA:46,2
DA:49,2
DA:50,1
DA:54,1
DA:58,2
LF:21
LH:21
BRF:0
BRH:0
end_of_record
TN:
SF:src\Interfaces\http\api\authentications\index.js
FN:6,(anonymous_0)
FNF:1
FNH:1
FNDA:19,(anonymous_0)
DA:1,2
DA:2,2
DA:4,2
DA:7,19
DA:8,19
LF:5
LH:5
BRF:0
BRH:0
end_of_record
TN:
SF:src\Interfaces\http\api\authentications\routes.js
FN:1,(anonymous_0)
FNF:1
FNH:1
FNDA:19,(anonymous_0)
DA:1,19
DA:19,2
LF:2
LH:2
BRF:0
BRH:0
end_of_record
TN:
SF:src\Interfaces\http\api\users\handler.js
FN:4,(anonymous_0)
FN:9,(anonymous_1)
FNF:2
FNH:2
FNDA:19,(anonymous_0)
FNDA:11,(anonymous_1)
DA:1,2
DA:5,19
DA:6,19
DA:10,11
DA:11,10
DA:13,5
DA:19,5
DA:20,5
DA:24,2
LF:9
LH:9
BRF:0
BRH:0
end_of_record
TN:
SF:src\Interfaces\http\api\users\index.js
FN:6,(anonymous_0)
FNF:1
FNH:1
FNDA:19,(anonymous_0)
DA:1,2
DA:2,2
DA:4,2
DA:7,19
DA:8,19
LF:5
LH:5
BRF:0
BRH:0
end_of_record
TN:
SF:src\Interfaces\http\api\users\routes.js
FN:1,(anonymous_0)
FNF:1
FNH:1
FNDA:19,(anonymous_0)
DA:1,19
DA:9,2
LF:2
LH:2
BRF:0
BRH:0
end_of_record
TN:
SF:tests\AuthenticationsTableTestHelper.js
FN:5,(anonymous_0)
FN:13,(anonymous_1)
FN:23,(anonymous_2)
FNF:3
FNH:3
FNDA:2,(anonymous_0)
FNDA:2,(anonymous_1)
FNDA:16,(anonymous_2)
DA:2,2
DA:4,2
DA:6,2
DA:10,2
DA:14,2
DA:19,2
DA:21,2
DA:24,16
DA:28,2
LF:9
LH:9
BRF:0
BRH:0
end_of_record
TN:
SF:tests\UsersTableTestHelper.js
FN:5,(anonymous_0)
FN:16,(anonymous_1)
FN:26,(anonymous_2)
FNF:3
FNH:3
FNDA:4,(anonymous_0)
FNDA:1,(anonymous_1)
FNDA:27,(anonymous_2)
DA:2,3
DA:4,3
DA:8,4
DA:13,4
DA:17,1
DA:22,1
DA:23,1
DA:27,27
DA:31,3
LF:9
LH:9
BRDA:6,0,0,4
BRDA:6,1,0,0
BRDA:6,2,0,2
BRDA:6,3,0,4
BRF:4
BRH:3
end_of_record
